This is pdfTeX, Version 3.141592653-2.6-1.40.25 (MiKTeX 23.10) (preloaded format=pdflatex 2023.10.31)  4 JAN 2026 23:20
entering extended mode
 restricted \write18 enabled.
 %&-line parsing enabled.
**"./Online Appendix.tex"
(Online Appendix.tex
LaTeX2e <2023-06-01> patch level 1
L3 programming layer <2023-08-29>
(C:\Users\lorie\AppData\Local\Programs\MiKTeX\tex/latex/base\article.cls
Document Class: article 2023/05/17 v1.4n Standard LaTeX document class
(C:\Users\lorie\AppData\Local\Programs\MiKTeX\tex/latex/base\size11.clo
File: size11.clo 2023/05/17 v1.4n Standard LaTeX file (size option)
)
\c@part=\count185
\c@section=\count186
\c@subsection=\count187
\c@subsubsection=\count188
\c@paragraph=\count189
\c@subparagraph=\count190
\c@figure=\count191
\c@table=\count192
\abovecaptionskip=\skip48
\belowcaptionskip=\skip49
\bibindent=\dimen140
)
(C:\Users\lorie\AppData\Local\Programs\MiKTeX\tex/latex/eurosym\eurosym.sty
Package: eurosym 1998/08/06 v1.1 European currency symbol ``Euro''
\@eurobox=\box51
)
(C:\Users\lorie\AppData\Local\Programs\MiKTeX\tex/latex/graphics\color.sty
Package: color 2022/01/06 v1.3d Standard LaTeX Color (DPC)

(C:\Users\lorie\AppData\Local\Programs\MiKTeX\tex/latex/graphics-cfg\color.cfg
File: color.cfg 2016/01/02 v1.6 sample color configuration
)
Package color Info: Driver file: pdftex.def on input line 149.

(C:\Users\lorie\AppData\Local\Programs\MiKTeX\tex/latex/graphics-def\pdftex.def
File: pdftex.def 2022/09/22 v1.2b Graphics/color driver for pdftex
) (C:\Users\lorie\AppData\Local\Programs\MiKTeX\tex/latex/graphics\dvipsnam.def
File: dvipsnam.def 2016/06/17 v3.0m Driver-dependent file (DPC,SPQR)
)
(C:\Users\lorie\AppData\Local\Programs\MiKTeX\tex/latex/graphics\mathcolor.ltx)
) (C:\Users\lorie\AppData\Local\Programs\MiKTeX\tex/latex/graphics\graphicx.sty
Package: graphicx 2021/09/16 v1.2d Enhanced LaTeX Graphics (DPC,SPQR)
(C:\Users\lorie\AppData\Local\Programs\MiKTeX\tex/latex/graphics\keyval.sty
Package: keyval 2022/05/29 v1.15 key=value parser (DPC)
\KV@toks@=\toks17
)
(C:\Users\lorie\AppData\Local\Programs\MiKTeX\tex/latex/graphics\graphics.sty
Package: graphics 2022/03/10 v1.4e Standard LaTeX Graphics (DPC,SPQR)

(C:\Users\lorie\AppData\Local\Programs\MiKTeX\tex/latex/graphics\trig.sty
Package: trig 2021/08/11 v1.11 sin cos tan (DPC)
)
(C:\Users\lorie\AppData\Local\Programs\MiKTeX\tex/latex/graphics-cfg\graphics.c
fg
File: graphics.cfg 2016/06/04 v1.11 sample graphics configuration
)
Package graphics Info: Driver file: pdftex.def on input line 107.
)
\Gin@req@height=\dimen141
\Gin@req@width=\dimen142
)
(C:\Users\lorie\AppData\Local\Programs\MiKTeX\tex/latex/amsfonts\amsfonts.sty
Package: amsfonts 2013/01/14 v3.01 Basic AMSFonts support
\@emptytoks=\toks18
\symAMSa=\mathgroup4
\symAMSb=\mathgroup5
LaTeX Font Info:    Redeclaring math symbol \hbar on input line 98.
LaTeX Font Info:    Overwriting math alphabet `\mathfrak' in version `bold'
(Font)                  U/euf/m/n --> U/euf/b/n on input line 106.
)
(C:\Users\lorie\AppData\Local\Programs\MiKTeX\tex/latex/amscls\amsthm.sty
Package: amsthm 2020/05/29 v2.20.6
\thm@style=\toks19
\thm@bodyfont=\toks20
\thm@headfont=\toks21
\thm@notefont=\toks22
\thm@headpunct=\toks23
\thm@preskip=\skip50
\thm@postskip=\skip51
\thm@headsep=\skip52
\dth@everypar=\toks24
)
(C:\Users\lorie\AppData\Local\Programs\MiKTeX\tex/latex/amsfonts\amssymb.sty
Package: amssymb 2013/01/14 v3.01 AMS font symbols
)
(C:\Users\lorie\AppData\Local\Programs\MiKTeX\tex/latex/amsmath\amsmath.sty
Package: amsmath 2023/05/13 v2.17o AMS math features
\@mathmargin=\skip53

For additional information on amsmath, use the `?' option.
(C:\Users\lorie\AppData\Local\Programs\MiKTeX\tex/latex/amsmath\amstext.sty
Package: amstext 2021/08/26 v2.01 AMS text

(C:\Users\lorie\AppData\Local\Programs\MiKTeX\tex/latex/amsmath\amsgen.sty
File: amsgen.sty 1999/11/30 v2.0 generic functions
\@emptytoks=\toks25
\ex@=\dimen143
))
(C:\Users\lorie\AppData\Local\Programs\MiKTeX\tex/latex/amsmath\amsbsy.sty
Package: amsbsy 1999/11/29 v1.2d Bold Symbols
\pmbraise@=\dimen144
)
(C:\Users\lorie\AppData\Local\Programs\MiKTeX\tex/latex/amsmath\amsopn.sty
Package: amsopn 2022/04/08 v2.04 operator names
)
\inf@bad=\count193
LaTeX Info: Redefining \frac on input line 234.
\uproot@=\count194
\leftroot@=\count195
LaTeX Info: Redefining \overline on input line 399.
LaTeX Info: Redefining \colon on input line 410.
\classnum@=\count196
\DOTSCASE@=\count197
LaTeX Info: Redefining \ldots on input line 496.
LaTeX Info: Redefining \dots on input line 499.
LaTeX Info: Redefining \cdots on input line 620.
\Mathstrutbox@=\box52
\strutbox@=\box53
LaTeX Info: Redefining \big on input line 722.
LaTeX Info: Redefining \Big on input line 723.
LaTeX Info: Redefining \bigg on input line 724.
LaTeX Info: Redefining \Bigg on input line 725.
\big@size=\dimen145
LaTeX Font Info:    Redeclaring font encoding OML on input line 743.
LaTeX Font Info:    Redeclaring font encoding OMS on input line 744.
\macc@depth=\count198
LaTeX Info: Redefining \bmod on input line 905.
LaTeX Info: Redefining \pmod on input line 910.
LaTeX Info: Redefining \smash on input line 940.
LaTeX Info: Redefining \relbar on input line 970.
LaTeX Info: Redefining \Relbar on input line 971.
\c@MaxMatrixCols=\count199
\dotsspace@=\muskip16
\c@parentequation=\count266
\dspbrk@lvl=\count267
\tag@help=\toks26
\row@=\count268
\column@=\count269
\maxfields@=\count270
\andhelp@=\toks27
\eqnshift@=\dimen146
\alignsep@=\dimen147
\tagshift@=\dimen148
\tagwidth@=\dimen149
\totwidth@=\dimen150
\lineht@=\dimen151
\@envbody=\toks28
\multlinegap=\skip54
\multlinetaggap=\skip55
\mathdisplay@stack=\toks29
LaTeX Info: Redefining \[ on input line 2953.
LaTeX Info: Redefining \] on input line 2954.
)
(C:\Users\lorie\AppData\Local\Programs\MiKTeX\tex/latex/booktabs\booktabs.sty
Package: booktabs 2020/01/12 v1.61803398 Publication quality tables
\heavyrulewidth=\dimen152
\lightrulewidth=\dimen153
\cmidrulewidth=\dimen154
\belowrulesep=\dimen155
\belowbottomsep=\dimen156
\aboverulesep=\dimen157
\abovetopsep=\dimen158
\cmidrulesep=\dimen159
\cmidrulekern=\dimen160
\defaultaddspace=\dimen161
\@cmidla=\count271
\@cmidlb=\count272
\@aboverulesep=\dimen162
\@belowrulesep=\dimen163
\@thisruleclass=\count273
\@lastruleclass=\count274
\@thisrulewidth=\dimen164
)
(C:\Users\lorie\AppData\Local\Programs\MiKTeX\tex/latex/enumitem\enumitem.sty
Package: enumitem 2019/06/20 v3.9 Customized lists
\labelindent=\skip56
\enit@outerparindent=\dimen165
\enit@toks=\toks30
\enit@inbox=\box54
\enit@count@id=\count275
\enitdp@description=\count276
)
(C:\Users\lorie\AppData\Local\Programs\MiKTeX\tex/latex/tools\multicol.sty
Package: multicol 2023/03/30 v1.9f multicolumn formatting (FMi)
\c@tracingmulticols=\count277
\mult@box=\box55
\multicol@leftmargin=\dimen166
\c@unbalance=\count278
\c@collectmore=\count279
\doublecol@number=\count280
\multicoltolerance=\count281
\multicolpretolerance=\count282
\full@width=\dimen167
\page@free=\dimen168
\premulticols=\dimen169
\postmulticols=\dimen170
\multicolsep=\skip57
\multicolbaselineskip=\skip58
\partial@page=\box56
\last@line=\box57
\mc@boxedresult=\box58
\maxbalancingoverflow=\dimen171
\mult@rightbox=\box59
\mult@grightbox=\box60
\mult@firstbox=\box61
\mult@gfirstbox=\box62
\@tempa=\box63
\@tempa=\box64
\@tempa=\box65
\@tempa=\box66
\@tempa=\box67
\@tempa=\box68
\@tempa=\box69
\@tempa=\box70
\@tempa=\box71
\@tempa=\box72
\@tempa=\box73
\@tempa=\box74
\@tempa=\box75
\@tempa=\box76
\@tempa=\box77
\@tempa=\box78
\@tempa=\box79
\@tempa=\box80
\@tempa=\box81
\@tempa=\box82
\@tempa=\box83
\@tempa=\box84
\@tempa=\box85
\@tempa=\box86
\@tempa=\box87
\@tempa=\box88
\@tempa=\box89
\@tempa=\box90
\@tempa=\box91
\@tempa=\box92
\@tempa=\box93
\@tempa=\box94
\@tempa=\box95
\@tempa=\box96
\@tempa=\box97
\@tempa=\box98
\c@minrows=\count283
\c@columnbadness=\count284
\c@finalcolumnbadness=\count285
\last@try=\dimen172
\multicolovershoot=\dimen173
\multicolundershoot=\dimen174
\mult@nat@firstbox=\box99
\colbreak@box=\box100
\mc@col@check@num=\count286
)
(C:\Users\lorie\AppData\Local\Programs\MiKTeX\tex/latex/multirow\multirow.sty
Package: multirow 2021/03/15 v2.8 Span multiple rows of a table
\multirow@colwidth=\skip59
\multirow@cntb=\count287
\multirow@dima=\skip60
\bigstrutjot=\dimen175
)
(C:\Users\lorie\AppData\Local\Programs\MiKTeX\tex/latex/tools\longtable.sty
Package: longtable 2021-09-01 v4.17 Multi-page Table package (DPC)
\LTleft=\skip61
\LTright=\skip62
\LTpre=\skip63
\LTpost=\skip64
\LTchunksize=\count288
\LTcapwidth=\dimen176
\LT@head=\box101
\LT@firsthead=\box102
\LT@foot=\box103
\LT@lastfoot=\box104
\LT@gbox=\box105
\LT@cols=\count289
\LT@rows=\count290
\c@LT@tables=\count291
\c@LT@chunks=\count292
\LT@p@ftn=\toks31
)
(C:\Users\lorie\AppData\Local\Programs\MiKTeX\tex/latex/graphics\rotating.sty
Package: rotating 2016/08/11 v2.16d rotated objects in LaTeX

(C:\Users\lorie\AppData\Local\Programs\MiKTeX\tex/latex/base\ifthen.sty
Package: ifthen 2022/04/13 v1.1d Standard LaTeX ifthen package (DPC)
)
\c@r@tfl@t=\count293
\rotFPtop=\skip65
\rotFPbot=\skip66
\rot@float@box=\box106
\rot@mess@toks=\toks32
)
(C:\Users\lorie\AppData\Local\Programs\MiKTeX\tex/latex/morefloats\morefloats.s
ty
Package: morefloats 2015/07/22 v1.0h Raise limit of unprocessed floats (HMM)

(C:\Users\lorie\AppData\Local\Programs\MiKTeX\tex/latex/kvoptions\kvoptions.sty
Package: kvoptions 2022-06-15 v3.15 Key value format for package options (HO)
(C:\Users\lorie\AppData\Local\Programs\MiKTeX\tex/generic/ltxcmds\ltxcmds.sty
Package: ltxcmds 2020-05-10 v1.25 LaTeX kernel commands for general use (HO)
)
(C:\Users\lorie\AppData\Local\Programs\MiKTeX\tex/latex/kvsetkeys\kvsetkeys.sty
Package: kvsetkeys 2022-10-05 v1.19 Key value parser (HO)
))
Package morefloats Info: Maximum number of possible floats asked for: 30
(morefloats)             (i.e. 12 more floats).
(morefloats)             LaTeX might run out of memory before this
(morefloats)             (in which case it will notify you).
)
(C:\Users\lorie\AppData\Local\Programs\MiKTeX\tex/latex/geometry\geometry.sty
Package: geometry 2020/01/02 v5.9 Page Geometry

(C:\Users\lorie\AppData\Local\Programs\MiKTeX\tex/generic/iftex\ifvtex.sty
Package: ifvtex 2019/10/25 v1.7 ifvtex legacy package. Use iftex instead.

(C:\Users\lorie\AppData\Local\Programs\MiKTeX\tex/generic/iftex\iftex.sty
Package: iftex 2022/02/03 v1.0f TeX engine tests
))
\Gm@cnth=\count294
\Gm@cntv=\count295
\c@Gm@tempcnt=\count296
\Gm@bindingoffset=\dimen177
\Gm@wd@mp=\dimen178
\Gm@odd@mp=\dimen179
\Gm@even@mp=\dimen180
\Gm@layoutwidth=\dimen181
\Gm@layoutheight=\dimen182
\Gm@layouthoffset=\dimen183
\Gm@layoutvoffset=\dimen184
\Gm@dimlist=\toks33

(C:\Users\lorie\AppData\Local\Programs\MiKTeX\tex/latex/geometry\geometry.cfg))
(C:\Users\lorie\AppData\Local\Programs\MiKTeX\tex/latex/caption\caption.sty
Package: caption 2023/08/05 v3.6o Customizing captions (AR)

(C:\Users\lorie\AppData\Local\Programs\MiKTeX\tex/latex/caption\caption3.sty
Package: caption3 2023/07/31 v2.4d caption3 kernel (AR)
\caption@tempdima=\dimen185
\captionmargin=\dimen186
\caption@leftmargin=\dimen187
\caption@rightmargin=\dimen188
\caption@width=\dimen189
\caption@indent=\dimen190
\caption@parindent=\dimen191
\caption@hangindent=\dimen192
Package caption Info: Standard document class detected.
)
\c@caption@flags=\count297
\c@continuedfloat=\count298
Package caption Info: longtable package is loaded.

(C:\Users\lorie\AppData\Local\Programs\MiKTeX\tex/latex/caption\ltcaption.sty
Package: ltcaption 2021/01/08 v1.4c longtable captions (AR)
)
Package caption Info: rotating package is loaded.
)
(C:\Users\lorie\AppData\Local\Programs\MiKTeX\tex/latex/pdflscape\pdflscape.sty
Package: pdflscape 2022-10-27 v0.13 Display of landscape pages in PDF

(C:\Users\lorie\AppData\Local\Programs\MiKTeX\tex/latex/pdflscape\pdflscape-nom
etadata.sty
Package: pdflscape-nometadata 2022-10-28 v0.13 Display of landscape pages in PD
F (HO)

(C:\Users\lorie\AppData\Local\Programs\MiKTeX\tex/latex/graphics\lscape.sty
Package: lscape 2020/05/28 v3.02 Landscape Pages (DPC)
)
Package pdflscape Info: Auto-detected driver: pdftex on input line 81.
))
(C:\Users\lorie\AppData\Local\Programs\MiKTeX\tex/latex/placeins\placeins.sty
Package: placeins 2005/04/18  v 2.2
)
(C:\Users\lorie\AppData\Local\Programs\MiKTeX\tex/latex/hyperref\hyperref.sty
Package: hyperref 2023-07-08 v7.01b Hypertext links for LaTeX

(C:\Users\lorie\AppData\Local\Programs\MiKTeX\tex/generic/pdftexcmds\pdftexcmds
.sty
Package: pdftexcmds 2020-06-27 v0.33 Utility functions of pdfTeX for LuaTeX (HO
)

(C:\Users\lorie\AppData\Local\Programs\MiKTeX\tex/generic/infwarerr\infwarerr.s
ty
Package: infwarerr 2019/12/03 v1.5 Providing info/warning/error messages (HO)
)
Package pdftexcmds Info: \pdf@primitive is available.
Package pdftexcmds Info: \pdf@ifprimitive is available.
Package pdftexcmds Info: \pdfdraftmode found.
)
(C:\Users\lorie\AppData\Local\Programs\MiKTeX\tex/generic/kvdefinekeys\kvdefine
keys.sty
Package: kvdefinekeys 2019-12-19 v1.6 Define keys (HO)
)
(C:\Users\lorie\AppData\Local\Programs\MiKTeX\tex/generic/pdfescape\pdfescape.s
ty
Package: pdfescape 2019/12/09 v1.15 Implements pdfTeX's escape features (HO)
) (C:\Users\lorie\AppData\Local\Programs\MiKTeX\tex/latex/hycolor\hycolor.sty
Package: hycolor 2020-01-27 v1.10 Color options for hyperref/bookmark (HO)
)
(C:\Users\lorie\AppData\Local\Programs\MiKTeX\tex/latex/letltxmacro\letltxmacro
.sty
Package: letltxmacro 2019/12/03 v1.6 Let assignment for LaTeX macros (HO)
)
(C:\Users\lorie\AppData\Local\Programs\MiKTeX\tex/latex/auxhook\auxhook.sty
Package: auxhook 2019-12-17 v1.6 Hooks for auxiliary files (HO)
)
(C:\Users\lorie\AppData\Local\Programs\MiKTeX\tex/latex/hyperref\nameref.sty
Package: nameref 2023-08-07 v2.53 Cross-referencing by name of section

(C:\Users\lorie\AppData\Local\Programs\MiKTeX\tex/latex/refcount\refcount.sty
Package: refcount 2019/12/15 v3.6 Data extraction from label references (HO)
)
(C:\Users\lorie\AppData\Local\Programs\MiKTeX\tex/generic/gettitlestring\gettit
lestring.sty
Package: gettitlestring 2019/12/15 v1.6 Cleanup title references (HO)
)
\c@section@level=\count299
)
(C:\Users\lorie\AppData\Local\Programs\MiKTeX\tex/latex/etoolbox\etoolbox.sty
Package: etoolbox 2020/10/05 v2.5k e-TeX tools for LaTeX (JAW)
\etb@tempcnta=\count300
)
\@linkdim=\dimen193
\Hy@linkcounter=\count301
\Hy@pagecounter=\count302

(C:\Users\lorie\AppData\Local\Programs\MiKTeX\tex/latex/hyperref\pd1enc.def
File: pd1enc.def 2023-07-08 v7.01b Hyperref: PDFDocEncoding definition (HO)
Now handling font encoding PD1 ...
... no UTF-8 mapping file for font encoding PD1
)
(C:\Users\lorie\AppData\Local\Programs\MiKTeX\tex/generic/intcalc\intcalc.sty
Package: intcalc 2019/12/15 v1.3 Expandable calculations with integers (HO)
)
\Hy@SavedSpaceFactor=\count303

(C:\Users\lorie\AppData\Local\Programs\MiKTeX\tex/latex/hyperref\puenc.def
File: puenc.def 2023-07-08 v7.01b Hyperref: PDF Unicode definition (HO)
Now handling font encoding PU ...
... no UTF-8 mapping file for font encoding PU
)
Package hyperref Info: Option `bookmarks' set `false' on input line 4050.
Package hyperref Info: Hyper figures OFF on input line 4167.
Package hyperref Info: Link nesting OFF on input line 4172.
Package hyperref Info: Hyper index ON on input line 4175.
Package hyperref Info: Plain pages OFF on input line 4182.
Package hyperref Info: Backreferencing OFF on input line 4187.
Package hyperref Info: Implicit mode ON; LaTeX internals redefined.
Package hyperref Info: Bookmarks OFF on input line 4440.
\c@Hy@tempcnt=\count304

(C:\Users\lorie\AppData\Local\Programs\MiKTeX\tex/latex/url\url.sty
\Urlmuskip=\muskip17
Package: url 2013/09/16  ver 3.4  Verb mode for urls, etc.
)
LaTeX Info: Redefining \url on input line 4772.
\XeTeXLinkMargin=\dimen194

(C:\Users\lorie\AppData\Local\Programs\MiKTeX\tex/generic/bitset\bitset.sty
Package: bitset 2019/12/09 v1.3 Handle bit-vector datatype (HO)

(C:\Users\lorie\AppData\Local\Programs\MiKTeX\tex/generic/bigintcalc\bigintcalc
.sty
Package: bigintcalc 2019/12/15 v1.5 Expandable calculations on big integers (HO
)
))
\Fld@menulength=\count305
\Field@Width=\dimen195
\Fld@charsize=\dimen196
Package hyperref Info: Hyper figures OFF on input line 6051.
Package hyperref Info: Link nesting OFF on input line 6056.
Package hyperref Info: Hyper index ON on input line 6059.
Package hyperref Info: backreferencing OFF on input line 6066.
Package hyperref Info: Link coloring OFF on input line 6071.
Package hyperref Info: Link coloring with OCG OFF on input line 6076.
Package hyperref Info: PDF/A mode OFF on input line 6081.

(C:\Users\lorie\AppData\Local\Programs\MiKTeX\tex/latex/base\atbegshi-ltx.sty
Package: atbegshi-ltx 2021/01/10 v1.0c Emulation of the original atbegshi
package with kernel methods
)
\Hy@abspage=\count306
\c@Item=\count307
\c@Hfootnote=\count308
)
Package hyperref Info: Driver (autodetected): hpdftex.
(C:\Users\lorie\AppData\Local\Programs\MiKTeX\tex/latex/hyperref\hpdftex.def
File: hpdftex.def 2023-07-08 v7.01b Hyperref driver for pdfTeX

(C:\Users\lorie\AppData\Local\Programs\MiKTeX\tex/latex/base\atveryend-ltx.sty
Package: atveryend-ltx 2020/08/19 v1.0a Emulation of the original atveryend pac
kage
with kernel methods
)
\Fld@listcount=\count309
\c@bookmark@seq@number=\count310

(C:\Users\lorie\AppData\Local\Programs\MiKTeX\tex/latex/rerunfilecheck\rerunfil
echeck.sty
Package: rerunfilecheck 2022-07-10 v1.10 Rerun checks for auxiliary files (HO)

(C:\Users\lorie\AppData\Local\Programs\MiKTeX\tex/generic/uniquecounter\uniquec
ounter.sty
Package: uniquecounter 2019/12/15 v1.4 Provide unlimited unique counter (HO)
)
Package uniquecounter Info: New unique counter `rerunfilecheck' on input line 2
85.
)
\Hy@SectionHShift=\skip67
)
(C:\Users\lorie\AppData\Local\Programs\MiKTeX\tex/latex/setspace\setspace.sty
Package: setspace 2022/12/04 v6.7b set line spacing
)
(C:\Users\lorie\AppData\Local\Programs\MiKTeX\tex/latex/apacite\apacite.sty
Package: apacite 2013/07/21 v6.03 APA citation
\c@BibCnt=\count311
\bibleftmargin=\skip68
\bibindent=\skip69
\bibparsep=\skip70
\bibitemsep=\skip71
\biblabelsep=\skip72
)
(C:\Users\lorie\AppData\Local\Programs\MiKTeX\tex/latex/float\float.sty
Package: float 2001/11/08 v1.3d Float enhancements (AL)
\c@float@type=\count312
\float@exts=\toks34
\float@box=\box107
\@float@everytoks=\toks35
\@floatcapt=\box108
)
(C:\Users\lorie\AppData\Local\Programs\MiKTeX\tex/latex/pgf/utilities\pgffor.st
y
(C:\Users\lorie\AppData\Local\Programs\MiKTeX\tex/latex/pgf/utilities\pgfrcs.st
y
(C:\Users\lorie\AppData\Local\Programs\MiKTeX\tex/generic/pgf/utilities\pgfutil
-common.tex
\pgfutil@everybye=\toks36
\pgfutil@tempdima=\dimen197
\pgfutil@tempdimb=\dimen198
)
(C:\Users\lorie\AppData\Local\Programs\MiKTeX\tex/generic/pgf/utilities\pgfutil
-latex.def
\pgfutil@abb=\box109
)
(C:\Users\lorie\AppData\Local\Programs\MiKTeX\tex/generic/pgf/utilities\pgfrcs.
code.tex
(C:\Users\lorie\AppData\Local\Programs\MiKTeX\tex/generic/pgf\pgf.revision.tex)
Package: pgfrcs 2023-01-15 v3.1.10 (3.1.10)
))
(C:\Users\lorie\AppData\Local\Programs\MiKTeX\tex/latex/pgf/utilities\pgfkeys.s
ty
(C:\Users\lorie\AppData\Local\Programs\MiKTeX\tex/generic/pgf/utilities\pgfkeys
.code.tex
\pgfkeys@pathtoks=\toks37
\pgfkeys@temptoks=\toks38

(C:\Users\lorie\AppData\Local\Programs\MiKTeX\tex/generic/pgf/utilities\pgfkeys
libraryfiltered.code.tex
\pgfkeys@tmptoks=\toks39
)))
(C:\Users\lorie\AppData\Local\Programs\MiKTeX\tex/latex/pgf/math\pgfmath.sty
(C:\Users\lorie\AppData\Local\Programs\MiKTeX\tex/generic/pgf/math\pgfmath.code
.tex
(C:\Users\lorie\AppData\Local\Programs\MiKTeX\tex/generic/pgf/math\pgfmathutil.
code.tex
\pgf@x=\dimen199
\pgf@xa=\dimen256
\pgf@xb=\dimen257
\pgf@xc=\dimen258
\pgf@y=\dimen259
\pgf@ya=\dimen260
\pgf@yb=\dimen261
\pgf@yc=\dimen262
\c@pgf@counta=\count313
\c@pgf@countb=\count314
\c@pgf@countc=\count315
\c@pgf@countd=\count316
)
(C:\Users\lorie\AppData\Local\Programs\MiKTeX\tex/generic/pgf/math\pgfmathparse
r.code.tex
\pgfmath@dimen=\dimen263
\pgfmath@count=\count317
\pgfmath@box=\box110
\pgfmath@toks=\toks40
\pgfmath@stack@operand=\toks41
\pgfmath@stack@operation=\toks42
)
(C:\Users\lorie\AppData\Local\Programs\MiKTeX\tex/generic/pgf/math\pgfmathfunct
ions.code.tex)
(C:\Users\lorie\AppData\Local\Programs\MiKTeX\tex/generic/pgf/math\pgfmathfunct
ions.basic.code.tex)
(C:\Users\lorie\AppData\Local\Programs\MiKTeX\tex/generic/pgf/math\pgfmathfunct
ions.trigonometric.code.tex)
(C:\Users\lorie\AppData\Local\Programs\MiKTeX\tex/generic/pgf/math\pgfmathfunct
ions.random.code.tex)
(C:\Users\lorie\AppData\Local\Programs\MiKTeX\tex/generic/pgf/math\pgfmathfunct
ions.comparison.code.tex)
(C:\Users\lorie\AppData\Local\Programs\MiKTeX\tex/generic/pgf/math\pgfmathfunct
ions.base.code.tex)
(C:\Users\lorie\AppData\Local\Programs\MiKTeX\tex/generic/pgf/math\pgfmathfunct
ions.round.code.tex)
(C:\Users\lorie\AppData\Local\Programs\MiKTeX\tex/generic/pgf/math\pgfmathfunct
ions.misc.code.tex)
(C:\Users\lorie\AppData\Local\Programs\MiKTeX\tex/generic/pgf/math\pgfmathfunct
ions.integerarithmetics.code.tex)
(C:\Users\lorie\AppData\Local\Programs\MiKTeX\tex/generic/pgf/math\pgfmathcalc.
code.tex)
(C:\Users\lorie\AppData\Local\Programs\MiKTeX\tex/generic/pgf/math\pgfmathfloat
.code.tex
\c@pgfmathroundto@lastzeros=\count318
)))
(C:\Users\lorie\AppData\Local\Programs\MiKTeX\tex/generic/pgf/utilities\pgffor.
code.tex
Package: pgffor 2023-01-15 v3.1.10 (3.1.10)
\pgffor@iter=\dimen264
\pgffor@skip=\dimen265
\pgffor@stack=\toks43
\pgffor@toks=\toks44
))
(C:\Users\lorie\AppData\Local\Programs\MiKTeX\tex/latex/tools\calc.sty
Package: calc 2017/05/25 v4.3 Infix arithmetic (KKT,FJ)
\calc@Acount=\count319
\calc@Bcount=\count320
\calc@Adimen=\dimen266
\calc@Bdimen=\dimen267
\calc@Askip=\skip73
\calc@Bskip=\skip74
LaTeX Info: Redefining \setlength on input line 80.
LaTeX Info: Redefining \addtolength on input line 81.
\calc@Ccount=\count321
\calc@Cskip=\skip75
)
(C:\Users\lorie\AppData\Local\Programs\MiKTeX\tex/latex/tools\array.sty
Package: array 2022/09/04 v2.5g Tabular extension package (FMi)
\col@sep=\dimen268
\ar@mcellbox=\box111
\extrarowheight=\dimen269
\NC@list=\toks45
\extratabsurround=\skip76
\backup@length=\skip77
\ar@cellbox=\box112
)
(C:\Users\lorie\AppData\Local\Programs\MiKTeX\tex/latex/comment\comment.sty
\CommentStream=\write3

Excluding comment 'comment')
(C:\Users\lorie\AppData\Local\Programs\MiKTeX\tex/latex/bbm\bbm.sty
Package: bbm 1999/03/15 V 1.2 provides fonts for set symbols - TH
LaTeX Font Info:    Overwriting math alphabet `\mathbbm' in version `bold'
(Font)                  U/bbm/m/n --> U/bbm/bx/n on input line 33.
LaTeX Font Info:    Overwriting math alphabet `\mathbbmss' in version `bold'
(Font)                  U/bbmss/m/n --> U/bbmss/bx/n on input line 35.
)
(C:\Users\lorie\AppData\Local\Programs\MiKTeX\tex/latex/caption\subcaption.sty
Package: subcaption 2023/07/28 v1.6b Sub-captions (AR)
Package caption Info: New subtype `subfigure' on input line 238.
\c@subfigure=\count322
Package caption Info: New subtype `subtable' on input line 238.
\c@subtable=\count323
)
(C:\Users\lorie\AppData\Local\Programs\MiKTeX\tex/latex/pgf/frontendlayer\tikz.
sty
(C:\Users\lorie\AppData\Local\Programs\MiKTeX\tex/latex/pgf/basiclayer\pgf.sty
Package: pgf 2023-01-15 v3.1.10 (3.1.10)

(C:\Users\lorie\AppData\Local\Programs\MiKTeX\tex/latex/pgf/basiclayer\pgfcore.
sty
(C:\Users\lorie\AppData\Local\Programs\MiKTeX\tex/latex/pgf/systemlayer\pgfsys.
sty
(C:\Users\lorie\AppData\Local\Programs\MiKTeX\tex/generic/pgf/systemlayer\pgfsy
s.code.tex
Package: pgfsys 2023-01-15 v3.1.10 (3.1.10)
\pgf@x=\dimen270
\pgf@y=\dimen271
\pgf@xa=\dimen272
\pgf@ya=\dimen273
\pgf@xb=\dimen274
\pgf@yb=\dimen275
\pgf@xc=\dimen276
\pgf@yc=\dimen277
\pgf@xd=\dimen278
\pgf@yd=\dimen279
\w@pgf@writea=\write4
\r@pgf@reada=\read2
\c@pgf@counta=\count324
\c@pgf@countb=\count325
\c@pgf@countc=\count326
\c@pgf@countd=\count327
\t@pgf@toka=\toks46
\t@pgf@tokb=\toks47
\t@pgf@tokc=\toks48
\pgf@sys@id@count=\count328

(C:\Users\lorie\AppData\Local\Programs\MiKTeX\tex/generic/pgf/systemlayer\pgf.c
fg
File: pgf.cfg 2023-01-15 v3.1.10 (3.1.10)
)
Driver file for pgf: pgfsys-pdftex.def

(C:\Users\lorie\AppData\Local\Programs\MiKTeX\tex/generic/pgf/systemlayer\pgfsy
s-pdftex.def
File: pgfsys-pdftex.def 2023-01-15 v3.1.10 (3.1.10)

(C:\Users\lorie\AppData\Local\Programs\MiKTeX\tex/generic/pgf/systemlayer\pgfsy
s-common-pdf.def
File: pgfsys-common-pdf.def 2023-01-15 v3.1.10 (3.1.10)
)))
(C:\Users\lorie\AppData\Local\Programs\MiKTeX\tex/generic/pgf/systemlayer\pgfsy
ssoftpath.code.tex
File: pgfsyssoftpath.code.tex 2023-01-15 v3.1.10 (3.1.10)
\pgfsyssoftpath@smallbuffer@items=\count329
\pgfsyssoftpath@bigbuffer@items=\count330
)
(C:\Users\lorie\AppData\Local\Programs\MiKTeX\tex/generic/pgf/systemlayer\pgfsy
sprotocol.code.tex
File: pgfsysprotocol.code.tex 2023-01-15 v3.1.10 (3.1.10)
))
(C:\Users\lorie\AppData\Local\Programs\MiKTeX\tex/latex/xcolor\xcolor.sty
Package: xcolor 2022/06/12 v2.14 LaTeX color extensions (UK)

(C:\Users\lorie\AppData\Local\Programs\MiKTeX\tex/latex/graphics-cfg\color.cfg
File: color.cfg 2016/01/02 v1.6 sample color configuration
)
Package xcolor Info: Driver file: pdftex.def on input line 227.
LaTeX Info: Redefining \color on input line 711.
(C:\Users\lorie\AppData\Local\Programs\MiKTeX\tex/latex/graphics\mathcolor.ltx)
Package xcolor Info: Model `cmy' substituted by `cmy0' on input line 1353.
Package xcolor Info: Model `hsb' substituted by `rgb' on input line 1357.
Package xcolor Info: Model `RGB' extended on input line 1369.
Package xcolor Info: Model `HTML' substituted by `rgb' on input line 1371.
Package xcolor Info: Model `Hsb' substituted by `hsb' on input line 1372.
Package xcolor Info: Model `tHsb' substituted by `hsb' on input line 1373.
Package xcolor Info: Model `HSB' substituted by `hsb' on input line 1374.
Package xcolor Info: Model `Gray' substituted by `gray' on input line 1375.
Package xcolor Info: Model `wave' substituted by `hsb' on input line 1376.
)
(C:\Users\lorie\AppData\Local\Programs\MiKTeX\tex/generic/pgf/basiclayer\pgfcor
e.code.tex
Package: pgfcore 2023-01-15 v3.1.10 (3.1.10)

(C:\Users\lorie\AppData\Local\Programs\MiKTeX\tex/generic/pgf/math\pgfint.code.
tex)
(C:\Users\lorie\AppData\Local\Programs\MiKTeX\tex/generic/pgf/basiclayer\pgfcor
epoints.code.tex
File: pgfcorepoints.code.tex 2023-01-15 v3.1.10 (3.1.10)
\pgf@picminx=\dimen280
\pgf@picmaxx=\dimen281
\pgf@picminy=\dimen282
\pgf@picmaxy=\dimen283
\pgf@pathminx=\dimen284
\pgf@pathmaxx=\dimen285
\pgf@pathminy=\dimen286
\pgf@pathmaxy=\dimen287
\pgf@xx=\dimen288
\pgf@xy=\dimen289
\pgf@yx=\dimen290
\pgf@yy=\dimen291
\pgf@zx=\dimen292
\pgf@zy=\dimen293
)
(C:\Users\lorie\AppData\Local\Programs\MiKTeX\tex/generic/pgf/basiclayer\pgfcor
epathconstruct.code.tex
File: pgfcorepathconstruct.code.tex 2023-01-15 v3.1.10 (3.1.10)
\pgf@path@lastx=\dimen294
\pgf@path@lasty=\dimen295
)
(C:\Users\lorie\AppData\Local\Programs\MiKTeX\tex/generic/pgf/basiclayer\pgfcor
epathusage.code.tex
File: pgfcorepathusage.code.tex 2023-01-15 v3.1.10 (3.1.10)
\pgf@shorten@end@additional=\dimen296
\pgf@shorten@start@additional=\dimen297
)
(C:\Users\lorie\AppData\Local\Programs\MiKTeX\tex/generic/pgf/basiclayer\pgfcor
escopes.code.tex
File: pgfcorescopes.code.tex 2023-01-15 v3.1.10 (3.1.10)
\pgfpic=\box113
\pgf@hbox=\box114
\pgf@layerbox@main=\box115
\pgf@picture@serial@count=\count331
)
(C:\Users\lorie\AppData\Local\Programs\MiKTeX\tex/generic/pgf/basiclayer\pgfcor
egraphicstate.code.tex
File: pgfcoregraphicstate.code.tex 2023-01-15 v3.1.10 (3.1.10)
\pgflinewidth=\dimen298
)
(C:\Users\lorie\AppData\Local\Programs\MiKTeX\tex/generic/pgf/basiclayer\pgfcor
etransformations.code.tex
File: pgfcoretransformations.code.tex 2023-01-15 v3.1.10 (3.1.10)
\pgf@pt@x=\dimen299
\pgf@pt@y=\dimen300
\pgf@pt@temp=\dimen301
)
(C:\Users\lorie\AppData\Local\Programs\MiKTeX\tex/generic/pgf/basiclayer\pgfcor
equick.code.tex
File: pgfcorequick.code.tex 2023-01-15 v3.1.10 (3.1.10)
)
(C:\Users\lorie\AppData\Local\Programs\MiKTeX\tex/generic/pgf/basiclayer\pgfcor
eobjects.code.tex
File: pgfcoreobjects.code.tex 2023-01-15 v3.1.10 (3.1.10)
)
(C:\Users\lorie\AppData\Local\Programs\MiKTeX\tex/generic/pgf/basiclayer\pgfcor
epathprocessing.code.tex
File: pgfcorepathprocessing.code.tex 2023-01-15 v3.1.10 (3.1.10)
)
(C:\Users\lorie\AppData\Local\Programs\MiKTeX\tex/generic/pgf/basiclayer\pgfcor
earrows.code.tex
File: pgfcorearrows.code.tex 2023-01-15 v3.1.10 (3.1.10)
\pgfarrowsep=\dimen302
)
(C:\Users\lorie\AppData\Local\Programs\MiKTeX\tex/generic/pgf/basiclayer\pgfcor
eshade.code.tex
File: pgfcoreshade.code.tex 2023-01-15 v3.1.10 (3.1.10)
\pgf@max=\dimen303
\pgf@sys@shading@range@num=\count332
\pgf@shadingcount=\count333
)
(C:\Users\lorie\AppData\Local\Programs\MiKTeX\tex/generic/pgf/basiclayer\pgfcor
eimage.code.tex
File: pgfcoreimage.code.tex 2023-01-15 v3.1.10 (3.1.10)
)
(C:\Users\lorie\AppData\Local\Programs\MiKTeX\tex/generic/pgf/basiclayer\pgfcor
eexternal.code.tex
File: pgfcoreexternal.code.tex 2023-01-15 v3.1.10 (3.1.10)
\pgfexternal@startupbox=\box116
)
(C:\Users\lorie\AppData\Local\Programs\MiKTeX\tex/generic/pgf/basiclayer\pgfcor
elayers.code.tex
File: pgfcorelayers.code.tex 2023-01-15 v3.1.10 (3.1.10)
)
(C:\Users\lorie\AppData\Local\Programs\MiKTeX\tex/generic/pgf/basiclayer\pgfcor
etransparency.code.tex
File: pgfcoretransparency.code.tex 2023-01-15 v3.1.10 (3.1.10)
)
(C:\Users\lorie\AppData\Local\Programs\MiKTeX\tex/generic/pgf/basiclayer\pgfcor
epatterns.code.tex
File: pgfcorepatterns.code.tex 2023-01-15 v3.1.10 (3.1.10)
)
(C:\Users\lorie\AppData\Local\Programs\MiKTeX\tex/generic/pgf/basiclayer\pgfcor
erdf.code.tex
File: pgfcorerdf.code.tex 2023-01-15 v3.1.10 (3.1.10)
)))
(C:\Users\lorie\AppData\Local\Programs\MiKTeX\tex/generic/pgf/modules\pgfmodule
shapes.code.tex
File: pgfmoduleshapes.code.tex 2023-01-15 v3.1.10 (3.1.10)
\pgfnodeparttextbox=\box117
)
(C:\Users\lorie\AppData\Local\Programs\MiKTeX\tex/generic/pgf/modules\pgfmodule
plot.code.tex
File: pgfmoduleplot.code.tex 2023-01-15 v3.1.10 (3.1.10)
)
(C:\Users\lorie\AppData\Local\Programs\MiKTeX\tex/latex/pgf/compatibility\pgfco
mp-version-0-65.sty
Package: pgfcomp-version-0-65 2023-01-15 v3.1.10 (3.1.10)
\pgf@nodesepstart=\dimen304
\pgf@nodesepend=\dimen305
)
(C:\Users\lorie\AppData\Local\Programs\MiKTeX\tex/latex/pgf/compatibility\pgfco
mp-version-1-18.sty
Package: pgfcomp-version-1-18 2023-01-15 v3.1.10 (3.1.10)
))
(C:\Users\lorie\AppData\Local\Programs\MiKTeX\tex/generic/pgf/frontendlayer/tik
z\tikz.code.tex
Package: tikz 2023-01-15 v3.1.10 (3.1.10)

(C:\Users\lorie\AppData\Local\Programs\MiKTeX\tex/generic/pgf/libraries\pgflibr
aryplothandlers.code.tex
File: pgflibraryplothandlers.code.tex 2023-01-15 v3.1.10 (3.1.10)
\pgf@plot@mark@count=\count334
\pgfplotmarksize=\dimen306
)
\tikz@lastx=\dimen307
\tikz@lasty=\dimen308
\tikz@lastxsaved=\dimen309
\tikz@lastysaved=\dimen310
\tikz@lastmovetox=\dimen311
\tikz@lastmovetoy=\dimen312
\tikzleveldistance=\dimen313
\tikzsiblingdistance=\dimen314
\tikz@figbox=\box118
\tikz@figbox@bg=\box119
\tikz@tempbox=\box120
\tikz@tempbox@bg=\box121
\tikztreelevel=\count335
\tikznumberofchildren=\count336
\tikznumberofcurrentchild=\count337
\tikz@fig@count=\count338

(C:\Users\lorie\AppData\Local\Programs\MiKTeX\tex/generic/pgf/modules\pgfmodule
matrix.code.tex
File: pgfmodulematrix.code.tex 2023-01-15 v3.1.10 (3.1.10)
\pgfmatrixcurrentrow=\count339
\pgfmatrixcurrentcolumn=\count340
\pgf@matrix@numberofcolumns=\count341
)
\tikz@expandcount=\count342

(C:\Users\lorie\AppData\Local\Programs\MiKTeX\tex/generic/pgf/frontendlayer/tik
z/libraries\tikzlibrarytopaths.code.tex
File: tikzlibrarytopaths.code.tex 2023-01-15 v3.1.10 (3.1.10)
)))
(C:\Users\lorie\AppData\Local\Programs\MiKTeX\tex/generic/pgf/libraries\pgflibr
aryarrows.meta.code.tex
File: pgflibraryarrows.meta.code.tex 2023-01-15 v3.1.10 (3.1.10)
\pgfarrowinset=\dimen315
\pgfarrowlength=\dimen316
\pgfarrowwidth=\dimen317
\pgfarrowlinewidth=\dimen318
)
(C:\Users\lorie\AppData\Local\Programs\MiKTeX\tex/generic/pgf/frontendlayer/tik
z/libraries\tikzlibrarypositioning.code.tex
File: tikzlibrarypositioning.code.tex 2023-01-15 v3.1.10 (3.1.10)
)
Package hyperref Info: Option `colorlinks' set `true' on input line 41.

(C:\Users\lorie\AppData\Local\Programs\MiKTeX\tex/latex/l3backend\l3backend-pdf
tex.def
File: l3backend-pdftex.def 2023-04-19 L3 backend support: PDF output (pdfTeX)
\l__color_backend_stack_int=\count343
\l__pdf_internal_box=\box122
) (Online Appendix.aux)
\openout1 = `"Online Appendix.aux"'.

LaTeX Font Info:    Checking defaults for OML/cmm/m/it on input line 54.
LaTeX Font Info:    ... okay on input line 54.
LaTeX Font Info:    Checking defaults for OMS/cmsy/m/n on input line 54.
LaTeX Font Info:    ... okay on input line 54.
LaTeX Font Info:    Checking defaults for OT1/cmr/m/n on input line 54.
LaTeX Font Info:    ... okay on input line 54.
LaTeX Font Info:    Checking defaults for T1/cmr/m/n on input line 54.
LaTeX Font Info:    ... okay on input line 54.
LaTeX Font Info:    Checking defaults for TS1/cmr/m/n on input line 54.
LaTeX Font Info:    ... okay on input line 54.
LaTeX Font Info:    Checking defaults for OMX/cmex/m/n on input line 54.
LaTeX Font Info:    ... okay on input line 54.
LaTeX Font Info:    Checking defaults for U/cmr/m/n on input line 54.
LaTeX Font Info:    ... okay on input line 54.
LaTeX Font Info:    Checking defaults for PD1/pdf/m/n on input line 54.
LaTeX Font Info:    ... okay on input line 54.
LaTeX Font Info:    Checking defaults for PU/pdf/m/n on input line 54.
LaTeX Font Info:    ... okay on input line 54.

(C:\Users\lorie\AppData\Local\Programs\MiKTeX\tex/context/base/mkii\supp-pdf.mk
ii
[Loading MPS to PDF converter (version 2006.09.02).]
\scratchcounter=\count344
\scratchdimen=\dimen319
\scratchbox=\box123
\nofMPsegments=\count345
\nofMParguments=\count346
\everyMPshowfont=\toks49
\MPscratchCnt=\count347
\MPscratchDim=\dimen320
\MPnumerator=\count348
\makeMPintoPDFobject=\count349
\everyMPtoPDFconversion=\toks50
)
(C:\Users\lorie\AppData\Local\Programs\MiKTeX\tex/latex/epstopdf-pkg\epstopdf-b
ase.sty
Package: epstopdf-base 2020-01-24 v2.11 Base part for package epstopdf
Package epstopdf-base Info: Redefining graphics rule for `.eps' on input line 4
85.

(C:\Users\lorie\AppData\Local\Programs\MiKTeX\tex/latex/00miktex\epstopdf-sys.c
fg
File: epstopdf-sys.cfg 2021/03/18 v2.0 Configuration of epstopdf for MiKTeX
))
*geometry* driver: auto-detecting
*geometry* detected driver: pdftex
*geometry* verbose mode - [ preamble ] result:
* driver: pdftex
* paper: <default>
* layout: <same size as paper>
* layoutoffset:(h,v)=(0.0pt,0.0pt)
* modes: 
* h-part:(L,W,R)=(65.04256pt, 484.20988pt, 65.04256pt)
* v-part:(T,H,B)=(57.81621pt, 679.33757pt, 57.81621pt)
* \paperwidth=614.295pt
* \paperheight=794.96999pt
* \textwidth=484.20988pt
* \textheight=679.33757pt
* \oddsidemargin=-7.22743pt
* \evensidemargin=-7.22743pt
* \topmargin=-51.45378pt
* \headheight=12.0pt
* \headsep=25.0pt
* \topskip=11.0pt
* \footskip=30.0pt
* \marginparwidth=59.0pt
* \marginparsep=10.0pt
* \columnsep=10.0pt
* \skip\footins=10.0pt plus 4.0pt minus 2.0pt
* \hoffset=0.0pt
* \voffset=0.0pt
* \mag=1000
* \@twocolumnfalse
* \@twosidefalse
* \@mparswitchfalse
* \@reversemarginfalse
* (1in=72.27pt=25.4mm, 1cm=28.453pt)

Package caption Info: Begin \AtBeginDocument code.
Package caption Info: float package is loaded.
Package caption Info: hyperref package is loaded.
Package caption Info: End \AtBeginDocument code.
Package hyperref Info: Link coloring ON on input line 54.
\c@maskedRefs=\count350
(C:\Users\lorie\AppData\Local\Programs\MiKTeX\tex/latex/apacite\english.apc
File: english.apc 2013/07/21 v6.03 apacite language file
LaTeX Info: Redefining \BPBI on input line 129.
LaTeX Info: Redefining \BHBI on input line 130.
)
LaTeX Font Info:    Trying to load font information for U+msa on input line 78.


(C:\Users\lorie\AppData\Local\Programs\MiKTeX\tex/latex/amsfonts\umsa.fd
File: umsa.fd 2013/01/14 v3.01 AMS symbols A
)
LaTeX Font Info:    Trying to load font information for U+msb on input line 78.


(C:\Users\lorie\AppData\Local\Programs\MiKTeX\tex/latex/amsfonts\umsb.fd
File: umsb.fd 2013/01/14 v3.01 AMS symbols B
)
[1


{C:/Users/lorie/AppData/Local/MiKTeX/fonts/map/pdftex/pdftex.map}]
Overfull \hbox (24.70505pt too wide) detected at line 123
[][][][][]
 []


pdfTeX warning (ext4): destination with the same identifier (name{page.1}) has 
been already used, duplicate ignored
<to be read again> 
                   \relax 
l.154 \clearpage
                 [1

] (3tables/v17/headerFE.tex) (3tables/v17/ftable_income.txt) (3tables/v17/ftabl
e_health.txt) (3tables/v17/ftable_autonomy.txt)
(3tables/v17/ftable_satisfaction.txt) (3tables/v17/ftable_happiness.txt)
(3tables/v17/headerFE.tex) (3tables/v17/ctable_income.txt)
(3tables/v17/ctable_health.txt) (3tables/v17/ctable_autonomy.txt)
(3tables/v17/ctable_satisfaction.txt) (3tables/v17/ctable_happiness.txt)

LaTeX Warning: `!h' float specifier changed to `!ht'.

(3tables/v17/header.tex) (3tables/v17/dem0x2s1c1lt.tex)
(3tables/v17/dem2x2s1c1lt.tex) (3tables/v17/dem4x2s1c1lt.tex)
(3tables/v17/dem6x2s1c1lt.tex) (3tables/v17/dem8x2s1c1lt.tex)
(3tables/v17/dem10x2s1c1lt.tex) (3tables/v17/dem12x2s1c1lt.tex)
(3tables/v17/dem14x2s1c1lt.tex) (3tables/v17/dem16x2s1c1lt.tex)

LaTeX Warning: `!h' float specifier changed to `!ht'.

(3tables/v17/header.tex) (3tables/v17/dem0x1s1c1lt.tex)
(3tables/v17/dem2x1s1c1lt.tex) (3tables/v17/dem4x1s1c1lt.tex)
(3tables/v17/dem6x1s1c1lt.tex) (3tables/v17/dem8x1s1c1lt.tex)
(3tables/v17/dem10x1s1c1lt.tex) (3tables/v17/dem12x1s1c1lt.tex)
(3tables/v17/dem14x1s1c1lt.tex) (3tables/v17/dem16x1s1c1lt.tex)

LaTeX Warning: `!h' float specifier changed to `!ht'.

(3tables/v17/header.tex) (3tables/v17/x2s1c1iy2.tex) (3tables/v17/x2s1c1lt2.tex
) (3tables/v17/x1s1c1iy2.tex) (3tables/v17/x1s1c1lt2.tex)

LaTeX Warning: `!h' float specifier changed to `!ht'.

(3tables/v17/header.tex) (3tables/v17/suc1x1s1c1iy.tex)
(3tables/v17/suc2x1s1c1iy.tex) (3tables/v17/suc3x1s1c1iy.tex)
(3tables/v17/suc4x1s1c1iy.tex)

LaTeX Warning: `!h' float specifier changed to `!ht'.

(3tables/v17/header.tex) (3tables/v17/suc1x1s1c1lt.tex)
(3tables/v17/suc2x1s1c1lt.tex) (3tables/v17/suc3x1s1c1lt.tex)
(3tables/v17/suc4x1s1c1lt.tex)

LaTeX Warning: `!h' float specifier changed to `!ht'.

(3tables/v17/header.tex) (3tables/v17/x1s1c1iy_male0.tex)
(3tables/v17/x1s1c1iy_male1.tex) (3tables/v17/x1s1c1iy_town0.tex)
(3tables/v17/x1s1c1iy_town1.tex) (3tables/v17/x1s1c1iy_age1.tex)
(3tables/v17/x1s1c1iy_age2.tex) (3tables/v17/x1s1c1iy_age3.tex)
(3tables/v17/x1s1c1iy_pol1.tex) (3tables/v17/x1s1c1iy_pol2.tex)
(3tables/v17/x1s1c1iy_pol3.tex)

LaTeX Warning: Float too large for page by 16.35498pt on input line 403.


LaTeX Warning: `!h' float specifier changed to `!ht'.

(3tables/v17/header.tex) (3tables/v17/x2s1c1lt_male0.tex)
(3tables/v17/x2s1c1lt_male1.tex) (3tables/v17/x2s1c1lt_town0.tex)
(3tables/v17/x2s1c1lt_town1.tex) (3tables/v17/x2s1c1lt_age1.tex)
(3tables/v17/x2s1c1lt_age2.tex) (3tables/v17/x2s1c1lt_age3.tex)
(3tables/v17/x2s1c1lt_pol1.tex) (3tables/v17/x2s1c1lt_pol2.tex)
(3tables/v17/x2s1c1lt_pol3.tex)

LaTeX Warning: Float too large for page by 16.35498pt on input line 440.


LaTeX Warning: `!h' float specifier changed to `!ht'.

(3tables/v17/header.tex) (3tables/v17/x1s1c1lt_male0.tex)
(3tables/v17/x1s1c1lt_male1.tex) (3tables/v17/x1s1c1lt_town0.tex)
(3tables/v17/x1s1c1lt_town1.tex) (3tables/v17/x1s1c1lt_age1.tex)
(3tables/v17/x1s1c1lt_age2.tex) (3tables/v17/x1s1c1lt_age3.tex)
(3tables/v17/x1s1c1lt_pol1.tex) (3tables/v17/x1s1c1lt_pol2.tex)
(3tables/v17/x1s1c1lt_pol3.tex)

LaTeX Warning: Float too large for page by 16.35498pt on input line 477.


LaTeX Warning: `!h' float specifier changed to `!ht'.

(3tables/v17/header.tex) (3tables/v17/x1s1c1iy_noAfrica.tex)
(3tables/v17/x1s1c1iy_noAsia.tex) (3tables/v17/x1s1c1iy_noEurope.tex)
(3tables/v17/x1s1c1iy_noLatin_America.tex)
(3tables/v17/x1s1c1iy_noAS_America.tex) (3tables/v17/x1s1c1iy_noOceania.tex)
(3tables/v17/x1s1c1iy_Europe.tex)

LaTeX Warning: `!h' float specifier changed to `!ht'.

(3tables/v17/header.tex) (3tables/v17/x1s1c1lt_noAfrica.tex)
(3tables/v17/x1s1c1lt_noAsia.tex) (3tables/v17/x1s1c1lt_noEurope.tex)
(3tables/v17/x1s1c1lt_noLatin_America.tex)
(3tables/v17/x1s1c1lt_noAS_America.tex) (3tables/v17/x1s1c1lt_noOceania.tex)
(3tables/v17/x1s1c1lt_Europe.tex)

LaTeX Warning: `!h' float specifier changed to `!ht'.

(3tables/v17/header.tex) (3tables/v17/R1x1s1c1iy.tex)
(3tables/v17/R2x1s1c1iy.tex) (3tables/v17/R3x1s1c1iy.tex)
(3tables/v17/R4x1s1c1iy.tex) (3tables/v17/R5x1s1c1iy.tex)
(3tables/v17/R6x1s1c1iy.tex) (3tables/v17/R7x1s1c1iy.tex)
(3tables/v17/R8x1s1c1iy.tex) (3tables/v17/R9x1s1c1iy.tex)

LaTeX Warning: `!h' float specifier changed to `!ht'.

(3tables/v17/header.tex) (3tables/v17/R1x2s1c1iy.tex)
(3tables/v17/R2x2s1c1iy.tex) (3tables/v17/R3x2s1c1iy.tex)
(3tables/v17/R4x2s1c1iy.tex) (3tables/v17/R5x2s1c1iy.tex)
(3tables/v17/R6x2s1c1iy.tex) (3tables/v17/R7x2s1c1iy.tex)
(3tables/v17/R8x2s1c1iy.tex) (3tables/v17/R9x2s1c1iy.tex)

LaTeX Warning: `!h' float specifier changed to `!ht'.

[2

] [3] [4] [5] [6] [7] [8] [9] [10] [11] [12] [13] [14] [15]

pdfTeX warning: pdflatex.exe (file ./2figures/v17/rfBef.pdf): PDF inclusion: fo
und PDF version <1.6>, but at most version <1.5> allowed
<./2figures/v17/rfBef.pdf, id=108, 397.485pt x 289.08pt>
File: ./2figures/v17/rfBef.pdf Graphic file (type pdf)
<use ./2figures/v17/rfBef.pdf>
Package pdftex.def Info: ./2figures/v17/rfBef.pdf  used on input line 616.
(pdftex.def)             Requested size: 437.23485pt x 317.98897pt.

Package xcolor Warning: Incompatible color definition on input line 619.


Package xcolor Warning: Incompatible color definition on input line 619.



pdfTeX warning: pdflatex.exe (file ./2figures/v17/rfBefSuc2iy.pdf): PDF inclusi
on: found PDF version <1.6>, but at most version <1.5> allowed
<./2figures/v17/rfBefSuc2iy.pdf, id=111, 578.16pt x 289.08pt>
File: ./2figures/v17/rfBefSuc2iy.pdf Graphic file (type pdf)
<use ./2figures/v17/rfBefSuc2iy.pdf>
Package pdftex.def Info: ./2figures/v17/rfBefSuc2iy.pdf  used on input line 629
.
(pdftex.def)             Requested size: 578.15858pt x 289.07928pt.

Package xcolor Warning: Incompatible color definition on input line 632.


Package xcolor Warning: Incompatible color definition on input line 632.


Overfull \hbox (42.69925pt too wide) in paragraph at lines 629--633
 [] 
 []


Overfull \hbox (27.93971pt too wide) in paragraph at lines 629--633
 $[]$ 
 []



pdfTeX warning: pdflatex.exe (file ./2figures/v17/rfBefSuc1.pdf): PDF inclusion
: found PDF version <1.6>, but at most version <1.5> allowed
<./2figures/v17/rfBefSuc1.pdf, id=114, 578.16pt x 289.08pt>
File: ./2figures/v17/rfBefSuc1.pdf Graphic file (type pdf)
<use ./2figures/v17/rfBefSuc1.pdf>
Package pdftex.def Info: ./2figures/v17/rfBefSuc1.pdf  used on input line 642.
(pdftex.def)             Requested size: 578.15858pt x 289.07928pt.

Package xcolor Warning: Incompatible color definition on input line 645.


Package xcolor Warning: Incompatible color definition on input line 645.


Overfull \hbox (42.69925pt too wide) in paragraph at lines 642--646
 [] 
 []


Overfull \hbox (27.93971pt too wide) in paragraph at lines 642--646
 $[]$ 
 []



pdfTeX warning: pdflatex.exe (file ./2figures/v17/rfBefSuc2.pdf): PDF inclusion
: found PDF version <1.6>, but at most version <1.5> allowed
<./2figures/v17/rfBefSuc2.pdf, id=117, 578.16pt x 289.08pt>
File: ./2figures/v17/rfBefSuc2.pdf Graphic file (type pdf)
<use ./2figures/v17/rfBefSuc2.pdf>
Package pdftex.def Info: ./2figures/v17/rfBefSuc2.pdf  used on input line 655.
(pdftex.def)             Requested size: 578.15858pt x 289.07928pt.

Package xcolor Warning: Incompatible color definition on input line 658.


Package xcolor Warning: Incompatible color definition on input line 658.


Overfull \hbox (42.69925pt too wide) in paragraph at lines 655--659
 [] 
 []


Overfull \hbox (27.93971pt too wide) in paragraph at lines 655--659
 $[]$ 
 []



pdfTeX warning: pdflatex.exe (file ./2figures/v17/rfPla.pdf): PDF inclusion: fo
und PDF version <1.6>, but at most version <1.5> allowed
<./2figures/v17/rfPla.pdf, id=120, 397.485pt x 289.08pt>
File: ./2figures/v17/rfPla.pdf Graphic file (type pdf)
<use ./2figures/v17/rfPla.pdf>
Package pdftex.def Info: ./2figures/v17/rfPla.pdf  used on input line 668.
(pdftex.def)             Requested size: 437.23485pt x 317.98897pt.

Package xcolor Warning: Incompatible color definition on input line 671.


Package xcolor Warning: Incompatible color definition on input line 671.


Overfull \hbox (27.93971pt too wide) in paragraph at lines 668--672
 $[]$ 
 []



pdfTeX warning: pdflatex.exe (file ./2figures/v17/scattery1x1s1v2.pdf): PDF inc
lusion: found PDF version <1.6>, but at most version <1.5> allowed
<./2figures/v17/scattery1x1s1v2.pdf, id=123, 397.485pt x 289.08pt>
File: ./2figures/v17/scattery1x1s1v2.pdf Graphic file (type pdf)
<use ./2figures/v17/scattery1x1s1v2.pdf>
Package pdftex.def Info: ./2figures/v17/scattery1x1s1v2.pdf  used on input line
 690.
(pdftex.def)             Requested size: 206.69339pt x 150.32245pt.


pdfTeX warning: pdflatex.exe (file ./2figures/v17/scattery1x2s1v2.pdf): PDF inc
lusion: found PDF version <1.6>, but at most version <1.5> allowed
<./2figures/v17/scattery1x2s1v2.pdf, id=124, 397.485pt x 289.08pt>
File: ./2figures/v17/scattery1x2s1v2.pdf Graphic file (type pdf)
<use ./2figures/v17/scattery1x2s1v2.pdf>
Package pdftex.def Info: ./2figures/v17/scattery1x2s1v2.pdf  used on input line
 690.
(pdftex.def)             Requested size: 206.69339pt x 150.32245pt.


pdfTeX warning: pdflatex.exe (file ./2figures/v17/scattery1x1s1suc1v2.pdf): PDF
 inclusion: found PDF version <1.6>, but at most version <1.5> allowed
<./2figures/v17/scattery1x1s1suc1v2.pdf, id=125, 397.485pt x 289.08pt>
File: ./2figures/v17/scattery1x1s1suc1v2.pdf Graphic file (type pdf)
<use ./2figures/v17/scattery1x1s1suc1v2.pdf>
Package pdftex.def Info: ./2figures/v17/scattery1x1s1suc1v2.pdf  used on input 
line 690.
(pdftex.def)             Requested size: 206.69339pt x 150.32245pt.


pdfTeX warning: pdflatex.exe (file ./2figures/v17/scattery1x1s1suc2v2.pdf): PDF
 inclusion: found PDF version <1.6>, but at most version <1.5> allowed
<./2figures/v17/scattery1x1s1suc2v2.pdf, id=126, 397.485pt x 289.08pt>
File: ./2figures/v17/scattery1x1s1suc2v2.pdf Graphic file (type pdf)
<use ./2figures/v17/scattery1x1s1suc2v2.pdf>
Package pdftex.def Info: ./2figures/v17/scattery1x1s1suc2v2.pdf  used on input 
line 690.
(pdftex.def)             Requested size: 206.69339pt x 150.32245pt.


pdfTeX warning: pdflatex.exe (file ./2figures/v17/scattery1x1s1suc3v2.pdf): PDF
 inclusion: found PDF version <1.6>, but at most version <1.5> allowed
<./2figures/v17/scattery1x1s1suc3v2.pdf, id=127, 397.485pt x 289.08pt>
File: ./2figures/v17/scattery1x1s1suc3v2.pdf Graphic file (type pdf)
<use ./2figures/v17/scattery1x1s1suc3v2.pdf>
Package pdftex.def Info: ./2figures/v17/scattery1x1s1suc3v2.pdf  used on input 
line 690.
(pdftex.def)             Requested size: 206.69339pt x 150.32245pt.


pdfTeX warning: pdflatex.exe (file ./2figures/v17/scattery1x1s1suc4v2.pdf): PDF
 inclusion: found PDF version <1.6>, but at most version <1.5> allowed
<./2figures/v17/scattery1x1s1suc4v2.pdf, id=128, 397.485pt x 289.08pt>
File: ./2figures/v17/scattery1x1s1suc4v2.pdf Graphic file (type pdf)
<use ./2figures/v17/scattery1x1s1suc4v2.pdf>
Package pdftex.def Info: ./2figures/v17/scattery1x1s1suc4v2.pdf  used on input 
line 690.
(pdftex.def)             Requested size: 206.69339pt x 150.32245pt.

Package xcolor Warning: Incompatible color definition on input line 690.


Package xcolor Warning: Incompatible color definition on input line 690.


Package xcolor Warning: Incompatible color definition on input line 690.


LaTeX Warning: `!h' float specifier changed to `!ht'.



pdfTeX warning: pdflatex.exe (file ./2figures/v17/scattery2x1s1v2.pdf): PDF inc
lusion: found PDF version <1.6>, but at most version <1.5> allowed
<./2figures/v17/scattery2x1s1v2.pdf, id=132, 397.485pt x 289.08pt>
File: ./2figures/v17/scattery2x1s1v2.pdf Graphic file (type pdf)
<use ./2figures/v17/scattery2x1s1v2.pdf>
Package pdftex.def Info: ./2figures/v17/scattery2x1s1v2.pdf  used on input line
 709.
(pdftex.def)             Requested size: 206.69339pt x 150.32245pt.


pdfTeX warning: pdflatex.exe (file ./2figures/v17/scattery2x2s1v2.pdf): PDF inc
lusion: found PDF version <1.6>, but at most version <1.5> allowed
<./2figures/v17/scattery2x2s1v2.pdf, id=133, 397.485pt x 289.08pt>
File: ./2figures/v17/scattery2x2s1v2.pdf Graphic file (type pdf)
<use ./2figures/v17/scattery2x2s1v2.pdf>
Package pdftex.def Info: ./2figures/v17/scattery2x2s1v2.pdf  used on input line
 709.
(pdftex.def)             Requested size: 206.69339pt x 150.32245pt.


pdfTeX warning: pdflatex.exe (file ./2figures/v17/scattery2x1s1suc1v2.pdf): PDF
 inclusion: found PDF version <1.6>, but at most version <1.5> allowed
<./2figures/v17/scattery2x1s1suc1v2.pdf, id=134, 397.485pt x 289.08pt>
File: ./2figures/v17/scattery2x1s1suc1v2.pdf Graphic file (type pdf)
<use ./2figures/v17/scattery2x1s1suc1v2.pdf>
Package pdftex.def Info: ./2figures/v17/scattery2x1s1suc1v2.pdf  used on input 
line 709.
(pdftex.def)             Requested size: 206.69339pt x 150.32245pt.


pdfTeX warning: pdflatex.exe (file ./2figures/v17/scattery2x1s1suc2v2.pdf): PDF
 inclusion: found PDF version <1.6>, but at most version <1.5> allowed
<./2figures/v17/scattery2x1s1suc2v2.pdf, id=135, 397.485pt x 289.08pt>
File: ./2figures/v17/scattery2x1s1suc2v2.pdf Graphic file (type pdf)
<use ./2figures/v17/scattery2x1s1suc2v2.pdf>
Package pdftex.def Info: ./2figures/v17/scattery2x1s1suc2v2.pdf  used on input 
line 709.
(pdftex.def)             Requested size: 206.69339pt x 150.32245pt.


pdfTeX warning: pdflatex.exe (file ./2figures/v17/scattery2x1s1suc3v2.pdf): PDF
 inclusion: found PDF version <1.6>, but at most version <1.5> allowed
<./2figures/v17/scattery2x1s1suc3v2.pdf, id=136, 397.485pt x 289.08pt>
File: ./2figures/v17/scattery2x1s1suc3v2.pdf Graphic file (type pdf)
<use ./2figures/v17/scattery2x1s1suc3v2.pdf>
Package pdftex.def Info: ./2figures/v17/scattery2x1s1suc3v2.pdf  used on input 
line 709.
(pdftex.def)             Requested size: 206.69339pt x 150.32245pt.


pdfTeX warning: pdflatex.exe (file ./2figures/v17/scattery2x1s1suc4v2.pdf): PDF
 inclusion: found PDF version <1.6>, but at most version <1.5> allowed
<./2figures/v17/scattery2x1s1suc4v2.pdf, id=137, 397.485pt x 289.08pt>
File: ./2figures/v17/scattery2x1s1suc4v2.pdf Graphic file (type pdf)
<use ./2figures/v17/scattery2x1s1suc4v2.pdf>
Package pdftex.def Info: ./2figures/v17/scattery2x1s1suc4v2.pdf  used on input 
line 709.
(pdftex.def)             Requested size: 206.69339pt x 150.32245pt.

Package xcolor Warning: Incompatible color definition on input line 709.


Package xcolor Warning: Incompatible color definition on input line 709.


Package xcolor Warning: Incompatible color definition on input line 709.


LaTeX Warning: `!h' float specifier changed to `!ht'.

[16

 <./2figures/v17/rfBef.pdf>] [17 <./2figures/v17/rfBefSuc2iy.pdf>] [18 <./2figu
res/v17/rfBefSuc1.pdf>] [19 <./2figures/v17/rfBefSuc2.pdf>] [20 <./2figures/v17
/rfPla.pdf>] [21 <./2figures/v17/scattery1x1s1v2.pdf> <./2figures/v17/scattery1
x2s1v2.pdf> <./2figures/v17/scattery1x1s1suc1v2.pdf> <./2figures/v17/scattery1x
1s1suc2v2.pdf> <./2figures/v17/scattery1x1s1suc3v2.pdf> <./2figures/v17/scatter
y1x1s1suc4v2.pdf>] [22 <./2figures/v17/scattery2x1s1v2.pdf> <./2figures/v17/sca
ttery2x2s1v2.pdf> <./2figures/v17/scattery2x1s1suc1v2.pdf> <./2figures/v17/scat
tery2x1s1suc2v2.pdf> <./2figures/v17/scattery2x1s1suc3v2.pdf> <./2figures/v17/s
cattery2x1s1suc4v2.pdf>]

pdfTeX warning: pdflatex.exe (file ./2figures/v17/scattery3x1s1v2.pdf): PDF inc
lusion: found PDF version <1.6>, but at most version <1.5> allowed
<./2figures/v17/scattery3x1s1v2.pdf, id=477, 397.485pt x 289.08pt>
File: ./2figures/v17/scattery3x1s1v2.pdf Graphic file (type pdf)
<use ./2figures/v17/scattery3x1s1v2.pdf>
Package pdftex.def Info: ./2figures/v17/scattery3x1s1v2.pdf  used on input line
 729.
(pdftex.def)             Requested size: 206.69339pt x 150.32245pt.


pdfTeX warning: pdflatex.exe (file ./2figures/v17/scattery3x2s1v2.pdf): PDF inc
lusion: found PDF version <1.6>, but at most version <1.5> allowed
<./2figures/v17/scattery3x2s1v2.pdf, id=478, 397.485pt x 289.08pt>
File: ./2figures/v17/scattery3x2s1v2.pdf Graphic file (type pdf)
<use ./2figures/v17/scattery3x2s1v2.pdf>
Package pdftex.def Info: ./2figures/v17/scattery3x2s1v2.pdf  used on input line
 729.
(pdftex.def)             Requested size: 206.69339pt x 150.32245pt.


pdfTeX warning: pdflatex.exe (file ./2figures/v17/scattery3x1s1suc1v2.pdf): PDF
 inclusion: found PDF version <1.6>, but at most version <1.5> allowed
<./2figures/v17/scattery3x1s1suc1v2.pdf, id=479, 397.485pt x 289.08pt>
File: ./2figures/v17/scattery3x1s1suc1v2.pdf Graphic file (type pdf)
<use ./2figures/v17/scattery3x1s1suc1v2.pdf>
Package pdftex.def Info: ./2figures/v17/scattery3x1s1suc1v2.pdf  used on input 
line 729.
(pdftex.def)             Requested size: 206.69339pt x 150.32245pt.


pdfTeX warning: pdflatex.exe (file ./2figures/v17/scattery3x1s1suc2v2.pdf): PDF
 inclusion: found PDF version <1.6>, but at most version <1.5> allowed
<./2figures/v17/scattery3x1s1suc2v2.pdf, id=480, 397.485pt x 289.08pt>
File: ./2figures/v17/scattery3x1s1suc2v2.pdf Graphic file (type pdf)
<use ./2figures/v17/scattery3x1s1suc2v2.pdf>
Package pdftex.def Info: ./2figures/v17/scattery3x1s1suc2v2.pdf  used on input 
line 729.
(pdftex.def)             Requested size: 206.69339pt x 150.32245pt.


pdfTeX warning: pdflatex.exe (file ./2figures/v17/scattery3x1s1suc3v2.pdf): PDF
 inclusion: found PDF version <1.6>, but at most version <1.5> allowed
<./2figures/v17/scattery3x1s1suc3v2.pdf, id=481, 397.485pt x 289.08pt>
File: ./2figures/v17/scattery3x1s1suc3v2.pdf Graphic file (type pdf)
<use ./2figures/v17/scattery3x1s1suc3v2.pdf>
Package pdftex.def Info: ./2figures/v17/scattery3x1s1suc3v2.pdf  used on input 
line 729.
(pdftex.def)             Requested size: 206.69339pt x 150.32245pt.


pdfTeX warning: pdflatex.exe (file ./2figures/v17/scattery3x1s1suc4v2.pdf): PDF
 inclusion: found PDF version <1.6>, but at most version <1.5> allowed
<./2figures/v17/scattery3x1s1suc4v2.pdf, id=482, 397.485pt x 289.08pt>
File: ./2figures/v17/scattery3x1s1suc4v2.pdf Graphic file (type pdf)
<use ./2figures/v17/scattery3x1s1suc4v2.pdf>
Package pdftex.def Info: ./2figures/v17/scattery3x1s1suc4v2.pdf  used on input 
line 729.
(pdftex.def)             Requested size: 206.69339pt x 150.32245pt.

Package xcolor Warning: Incompatible color definition on input line 729.


Package xcolor Warning: Incompatible color definition on input line 729.


Package xcolor Warning: Incompatible color definition on input line 729.



pdfTeX warning: pdflatex.exe (file ./2figures/v17/scattery4x1s1v2.pdf): PDF inc
lusion: found PDF version <1.6>, but at most version <1.5> allowed
<./2figures/v17/scattery4x1s1v2.pdf, id=486, 397.485pt x 289.08pt>
File: ./2figures/v17/scattery4x1s1v2.pdf Graphic file (type pdf)
<use ./2figures/v17/scattery4x1s1v2.pdf>
Package pdftex.def Info: ./2figures/v17/scattery4x1s1v2.pdf  used on input line
 748.
(pdftex.def)             Requested size: 206.69339pt x 150.32245pt.


pdfTeX warning: pdflatex.exe (file ./2figures/v17/scattery4x2s1v2.pdf): PDF inc
lusion: found PDF version <1.6>, but at most version <1.5> allowed
<./2figures/v17/scattery4x2s1v2.pdf, id=487, 397.485pt x 289.08pt>
File: ./2figures/v17/scattery4x2s1v2.pdf Graphic file (type pdf)
<use ./2figures/v17/scattery4x2s1v2.pdf>
Package pdftex.def Info: ./2figures/v17/scattery4x2s1v2.pdf  used on input line
 748.
(pdftex.def)             Requested size: 206.69339pt x 150.32245pt.


pdfTeX warning: pdflatex.exe (file ./2figures/v17/scattery4x1s1suc1v2.pdf): PDF
 inclusion: found PDF version <1.6>, but at most version <1.5> allowed
<./2figures/v17/scattery4x1s1suc1v2.pdf, id=488, 397.485pt x 289.08pt>
File: ./2figures/v17/scattery4x1s1suc1v2.pdf Graphic file (type pdf)
<use ./2figures/v17/scattery4x1s1suc1v2.pdf>
Package pdftex.def Info: ./2figures/v17/scattery4x1s1suc1v2.pdf  used on input 
line 748.
(pdftex.def)             Requested size: 206.69339pt x 150.32245pt.


pdfTeX warning: pdflatex.exe (file ./2figures/v17/scattery4x1s1suc2v2.pdf): PDF
 inclusion: found PDF version <1.6>, but at most version <1.5> allowed
<./2figures/v17/scattery4x1s1suc2v2.pdf, id=489, 397.485pt x 289.08pt>
File: ./2figures/v17/scattery4x1s1suc2v2.pdf Graphic file (type pdf)
<use ./2figures/v17/scattery4x1s1suc2v2.pdf>
Package pdftex.def Info: ./2figures/v17/scattery4x1s1suc2v2.pdf  used on input 
line 748.
(pdftex.def)             Requested size: 206.69339pt x 150.32245pt.


pdfTeX warning: pdflatex.exe (file ./2figures/v17/scattery4x1s1suc3v2.pdf): PDF
 inclusion: found PDF version <1.6>, but at most version <1.5> allowed
<./2figures/v17/scattery4x1s1suc3v2.pdf, id=490, 397.485pt x 289.08pt>
File: ./2figures/v17/scattery4x1s1suc3v2.pdf Graphic file (type pdf)
<use ./2figures/v17/scattery4x1s1suc3v2.pdf>
Package pdftex.def Info: ./2figures/v17/scattery4x1s1suc3v2.pdf  used on input 
line 748.
(pdftex.def)             Requested size: 206.69339pt x 150.32245pt.


pdfTeX warning: pdflatex.exe (file ./2figures/v17/scattery4x1s1suc4v2.pdf): PDF
 inclusion: found PDF version <1.6>, but at most version <1.5> allowed
<./2figures/v17/scattery4x1s1suc4v2.pdf, id=491, 397.485pt x 289.08pt>
File: ./2figures/v17/scattery4x1s1suc4v2.pdf Graphic file (type pdf)
<use ./2figures/v17/scattery4x1s1suc4v2.pdf>
Package pdftex.def Info: ./2figures/v17/scattery4x1s1suc4v2.pdf  used on input 
line 748.
(pdftex.def)             Requested size: 206.69339pt x 150.32245pt.

Package xcolor Warning: Incompatible color definition on input line 748.


Package xcolor Warning: Incompatible color definition on input line 748.


Package xcolor Warning: Incompatible color definition on input line 748.


LaTeX Warning: `!h' float specifier changed to `!ht'.



pdfTeX warning: pdflatex.exe (file ./2figures/v17/scattery5x1s1v2.pdf): PDF inc
lusion: found PDF version <1.6>, but at most version <1.5> allowed
<./2figures/v17/scattery5x1s1v2.pdf, id=495, 397.485pt x 289.08pt>
File: ./2figures/v17/scattery5x1s1v2.pdf Graphic file (type pdf)
<use ./2figures/v17/scattery5x1s1v2.pdf>
Package pdftex.def Info: ./2figures/v17/scattery5x1s1v2.pdf  used on input line
 767.
(pdftex.def)             Requested size: 206.69339pt x 150.32245pt.


pdfTeX warning: pdflatex.exe (file ./2figures/v17/scattery5x2s1v2.pdf): PDF inc
lusion: found PDF version <1.6>, but at most version <1.5> allowed
<./2figures/v17/scattery5x2s1v2.pdf, id=496, 397.485pt x 289.08pt>
File: ./2figures/v17/scattery5x2s1v2.pdf Graphic file (type pdf)
<use ./2figures/v17/scattery5x2s1v2.pdf>
Package pdftex.def Info: ./2figures/v17/scattery5x2s1v2.pdf  used on input line
 767.
(pdftex.def)             Requested size: 206.69339pt x 150.32245pt.


pdfTeX warning: pdflatex.exe (file ./2figures/v17/scattery5x1s1suc1v2.pdf): PDF
 inclusion: found PDF version <1.6>, but at most version <1.5> allowed
<./2figures/v17/scattery5x1s1suc1v2.pdf, id=497, 397.485pt x 289.08pt>
File: ./2figures/v17/scattery5x1s1suc1v2.pdf Graphic file (type pdf)
<use ./2figures/v17/scattery5x1s1suc1v2.pdf>
Package pdftex.def Info: ./2figures/v17/scattery5x1s1suc1v2.pdf  used on input 
line 767.
(pdftex.def)             Requested size: 206.69339pt x 150.32245pt.


pdfTeX warning: pdflatex.exe (file ./2figures/v17/scattery5x1s1suc2v2.pdf): PDF
 inclusion: found PDF version <1.6>, but at most version <1.5> allowed
<./2figures/v17/scattery5x1s1suc2v2.pdf, id=498, 397.485pt x 289.08pt>
File: ./2figures/v17/scattery5x1s1suc2v2.pdf Graphic file (type pdf)
<use ./2figures/v17/scattery5x1s1suc2v2.pdf>
Package pdftex.def Info: ./2figures/v17/scattery5x1s1suc2v2.pdf  used on input 
line 767.
(pdftex.def)             Requested size: 206.69339pt x 150.32245pt.


pdfTeX warning: pdflatex.exe (file ./2figures/v17/scattery5x1s1suc3v2.pdf): PDF
 inclusion: found PDF version <1.6>, but at most version <1.5> allowed
<./2figures/v17/scattery5x1s1suc3v2.pdf, id=499, 397.485pt x 289.08pt>
File: ./2figures/v17/scattery5x1s1suc3v2.pdf Graphic file (type pdf)
<use ./2figures/v17/scattery5x1s1suc3v2.pdf>
Package pdftex.def Info: ./2figures/v17/scattery5x1s1suc3v2.pdf  used on input 
line 767.
(pdftex.def)             Requested size: 206.69339pt x 150.32245pt.


pdfTeX warning: pdflatex.exe (file ./2figures/v17/scattery5x1s1suc4v2.pdf): PDF
 inclusion: found PDF version <1.6>, but at most version <1.5> allowed
<./2figures/v17/scattery5x1s1suc4v2.pdf, id=500, 397.485pt x 289.08pt>
File: ./2figures/v17/scattery5x1s1suc4v2.pdf Graphic file (type pdf)
<use ./2figures/v17/scattery5x1s1suc4v2.pdf>
Package pdftex.def Info: ./2figures/v17/scattery5x1s1suc4v2.pdf  used on input 
line 767.
(pdftex.def)             Requested size: 206.69339pt x 150.32245pt.

Package xcolor Warning: Incompatible color definition on input line 767.


Package xcolor Warning: Incompatible color definition on input line 767.


Package xcolor Warning: Incompatible color definition on input line 767.


LaTeX Warning: `!h' float specifier changed to `!ht'.



pdfTeX warning: pdflatex.exe (file ./2figures/v17/decilesincomeiy.pdf): PDF inc
lusion: found PDF version <1.6>, but at most version <1.5> allowed
<./2figures/v17/decilesincomeiy.pdf, id=504, 397.485pt x 289.08pt>
File: ./2figures/v17/decilesincomeiy.pdf Graphic file (type pdf)
<use ./2figures/v17/decilesincomeiy.pdf>
Package pdftex.def Info: ./2figures/v17/decilesincomeiy.pdf  used on input line
 778.
(pdftex.def)             Requested size: 119.24641pt x 86.72466pt.


pdfTeX warning: pdflatex.exe (file ./2figures/v17/decileshealthiy.pdf): PDF inc
lusion: found PDF version <1.6>, but at most version <1.5> allowed
<./2figures/v17/decileshealthiy.pdf, id=505, 397.485pt x 289.08pt>
File: ./2figures/v17/decileshealthiy.pdf Graphic file (type pdf)
<use ./2figures/v17/decileshealthiy.pdf>
Package pdftex.def Info: ./2figures/v17/decileshealthiy.pdf  used on input line
 781.
(pdftex.def)             Requested size: 119.24641pt x 86.72466pt.


pdfTeX warning: pdflatex.exe (file ./2figures/v17/decilesautonomyiy.pdf): PDF i
nclusion: found PDF version <1.6>, but at most version <1.5> allowed
<./2figures/v17/decilesautonomyiy.pdf, id=506, 397.485pt x 289.08pt>
File: ./2figures/v17/decilesautonomyiy.pdf Graphic file (type pdf)
<use ./2figures/v17/decilesautonomyiy.pdf>
Package pdftex.def Info: ./2figures/v17/decilesautonomyiy.pdf  used on input li
ne 785.
(pdftex.def)             Requested size: 119.24641pt x 86.72466pt.


pdfTeX warning: pdflatex.exe (file ./2figures/v17/decilessatisfactioniy.pdf): P
DF inclusion: found PDF version <1.6>, but at most version <1.5> allowed
<./2figures/v17/decilessatisfactioniy.pdf, id=507, 397.485pt x 289.08pt>
File: ./2figures/v17/decilessatisfactioniy.pdf Graphic file (type pdf)
<use ./2figures/v17/decilessatisfactioniy.pdf>
Package pdftex.def Info: ./2figures/v17/decilessatisfactioniy.pdf  used on inpu
t line 788.
(pdftex.def)             Requested size: 119.24641pt x 86.72466pt.


pdfTeX warning: pdflatex.exe (file ./2figures/v17/decileshappinessiy.pdf): PDF 
inclusion: found PDF version <1.6>, but at most version <1.5> allowed
<./2figures/v17/decileshappinessiy.pdf, id=508, 397.485pt x 289.08pt>
File: ./2figures/v17/decileshappinessiy.pdf Graphic file (type pdf)
<use ./2figures/v17/decileshappinessiy.pdf>
Package pdftex.def Info: ./2figures/v17/decileshappinessiy.pdf  used on input l
ine 791.
(pdftex.def)             Requested size: 119.24641pt x 86.72466pt.

LaTeX Warning: `!h' float specifier changed to `!ht'.



pdfTeX warning: pdflatex.exe (file ./2figures/v17/decilesincomelt.pdf): PDF inc
lusion: found PDF version <1.6>, but at most version <1.5> allowed
<./2figures/v17/decilesincomelt.pdf, id=509, 397.485pt x 289.08pt>
File: ./2figures/v17/decilesincomelt.pdf Graphic file (type pdf)
<use ./2figures/v17/decilesincomelt.pdf>
Package pdftex.def Info: ./2figures/v17/decilesincomelt.pdf  used on input line
 804.
(pdftex.def)             Requested size: 119.24641pt x 86.72466pt.


pdfTeX warning: pdflatex.exe (file ./2figures/v17/decileshealthlt.pdf): PDF inc
lusion: found PDF version <1.6>, but at most version <1.5> allowed
<./2figures/v17/decileshealthlt.pdf, id=510, 397.485pt x 289.08pt>
File: ./2figures/v17/decileshealthlt.pdf Graphic file (type pdf)
<use ./2figures/v17/decileshealthlt.pdf>
Package pdftex.def Info: ./2figures/v17/decileshealthlt.pdf  used on input line
 807.
(pdftex.def)             Requested size: 119.24641pt x 86.72466pt.


pdfTeX warning: pdflatex.exe (file ./2figures/v17/decilesautonomylt.pdf): PDF i
nclusion: found PDF version <1.6>, but at most version <1.5> allowed
<./2figures/v17/decilesautonomylt.pdf, id=511, 397.485pt x 289.08pt>
File: ./2figures/v17/decilesautonomylt.pdf Graphic file (type pdf)
<use ./2figures/v17/decilesautonomylt.pdf>
Package pdftex.def Info: ./2figures/v17/decilesautonomylt.pdf  used on input li
ne 811.
(pdftex.def)             Requested size: 119.24641pt x 86.72466pt.


pdfTeX warning: pdflatex.exe (file ./2figures/v17/decilessatisfactionlt.pdf): P
DF inclusion: found PDF version <1.6>, but at most version <1.5> allowed
<./2figures/v17/decilessatisfactionlt.pdf, id=512, 397.485pt x 289.08pt>
File: ./2figures/v17/decilessatisfactionlt.pdf Graphic file (type pdf)
<use ./2figures/v17/decilessatisfactionlt.pdf>
Package pdftex.def Info: ./2figures/v17/decilessatisfactionlt.pdf  used on inpu
t line 814.
(pdftex.def)             Requested size: 119.24641pt x 86.72466pt.


pdfTeX warning: pdflatex.exe (file ./2figures/v17/decileshappinesslt.pdf): PDF 
inclusion: found PDF version <1.6>, but at most version <1.5> allowed
<./2figures/v17/decileshappinesslt.pdf, id=513, 397.485pt x 289.08pt>
File: ./2figures/v17/decileshappinesslt.pdf Graphic file (type pdf)
<use ./2figures/v17/decileshappinesslt.pdf>
Package pdftex.def Info: ./2figures/v17/decileshappinesslt.pdf  used on input l
ine 817.
(pdftex.def)             Requested size: 119.24641pt x 86.72466pt.

LaTeX Warning: `!h' float specifier changed to `!ht'.



pdfTeX warning: pdflatex.exe (file ./2figures/v17/binsyincomex2iy.pdf): PDF inc
lusion: found PDF version <1.6>, but at most version <1.5> allowed
<./2figures/v17/binsyincomex2iy.pdf, id=514, 397.485pt x 289.08pt>
File: ./2figures/v17/binsyincomex2iy.pdf Graphic file (type pdf)
<use ./2figures/v17/binsyincomex2iy.pdf>
Package pdftex.def Info: ./2figures/v17/binsyincomex2iy.pdf  used on input line
 830.
(pdftex.def)             Requested size: 119.24641pt x 86.72466pt.


pdfTeX warning: pdflatex.exe (file ./2figures/v17/binsyhealthx2iy.pdf): PDF inc
lusion: found PDF version <1.6>, but at most version <1.5> allowed
<./2figures/v17/binsyhealthx2iy.pdf, id=515, 397.485pt x 289.08pt>
File: ./2figures/v17/binsyhealthx2iy.pdf Graphic file (type pdf)
<use ./2figures/v17/binsyhealthx2iy.pdf>
Package pdftex.def Info: ./2figures/v17/binsyhealthx2iy.pdf  used on input line
 833.
(pdftex.def)             Requested size: 119.24641pt x 86.72466pt.


pdfTeX warning: pdflatex.exe (file ./2figures/v17/binsyautonomyx2iy.pdf): PDF i
nclusion: found PDF version <1.6>, but at most version <1.5> allowed
<./2figures/v17/binsyautonomyx2iy.pdf, id=516, 397.485pt x 289.08pt>
File: ./2figures/v17/binsyautonomyx2iy.pdf Graphic file (type pdf)
<use ./2figures/v17/binsyautonomyx2iy.pdf>
Package pdftex.def Info: ./2figures/v17/binsyautonomyx2iy.pdf  used on input li
ne 837.
(pdftex.def)             Requested size: 119.24641pt x 86.72466pt.


pdfTeX warning: pdflatex.exe (file ./2figures/v17/binsysatisfactionx2iy.pdf): P
DF inclusion: found PDF version <1.6>, but at most version <1.5> allowed
<./2figures/v17/binsysatisfactionx2iy.pdf, id=517, 397.485pt x 289.08pt>
File: ./2figures/v17/binsysatisfactionx2iy.pdf Graphic file (type pdf)
<use ./2figures/v17/binsysatisfactionx2iy.pdf>
Package pdftex.def Info: ./2figures/v17/binsysatisfactionx2iy.pdf  used on inpu
t line 840.
(pdftex.def)             Requested size: 119.24641pt x 86.72466pt.


pdfTeX warning: pdflatex.exe (file ./2figures/v17/binsyhappinessx2iy.pdf): PDF 
inclusion: found PDF version <1.6>, but at most version <1.5> allowed
<./2figures/v17/binsyhappinessx2iy.pdf, id=518, 397.485pt x 289.08pt>
File: ./2figures/v17/binsyhappinessx2iy.pdf Graphic file (type pdf)
<use ./2figures/v17/binsyhappinessx2iy.pdf>
Package pdftex.def Info: ./2figures/v17/binsyhappinessx2iy.pdf  used on input l
ine 843.
(pdftex.def)             Requested size: 119.24641pt x 86.72466pt.

LaTeX Warning: `!h' float specifier changed to `!ht'.



pdfTeX warning: pdflatex.exe (file ./2figures/v17/binsyincomex2.pdf): PDF inclu
sion: found PDF version <1.6>, but at most version <1.5> allowed
<./2figures/v17/binsyincomex2.pdf, id=519, 397.485pt x 289.08pt>
File: ./2figures/v17/binsyincomex2.pdf Graphic file (type pdf)
<use ./2figures/v17/binsyincomex2.pdf>
Package pdftex.def Info: ./2figures/v17/binsyincomex2.pdf  used on input line 8
56.
(pdftex.def)             Requested size: 119.24641pt x 86.72466pt.


pdfTeX warning: pdflatex.exe (file ./2figures/v17/binsyhealthx2.pdf): PDF inclu
sion: found PDF version <1.6>, but at most version <1.5> allowed
<./2figures/v17/binsyhealthx2.pdf, id=520, 397.485pt x 289.08pt>
File: ./2figures/v17/binsyhealthx2.pdf Graphic file (type pdf)
<use ./2figures/v17/binsyhealthx2.pdf>
Package pdftex.def Info: ./2figures/v17/binsyhealthx2.pdf  used on input line 8
59.
(pdftex.def)             Requested size: 119.24641pt x 86.72466pt.


pdfTeX warning: pdflatex.exe (file ./2figures/v17/binsyautonomyx2.pdf): PDF inc
lusion: found PDF version <1.6>, but at most version <1.5> allowed
<./2figures/v17/binsyautonomyx2.pdf, id=521, 397.485pt x 289.08pt>
File: ./2figures/v17/binsyautonomyx2.pdf Graphic file (type pdf)
<use ./2figures/v17/binsyautonomyx2.pdf>
Package pdftex.def Info: ./2figures/v17/binsyautonomyx2.pdf  used on input line
 863.
(pdftex.def)             Requested size: 119.24641pt x 86.72466pt.


pdfTeX warning: pdflatex.exe (file ./2figures/v17/binsysatisfactionx2.pdf): PDF
 inclusion: found PDF version <1.6>, but at most version <1.5> allowed
<./2figures/v17/binsysatisfactionx2.pdf, id=522, 397.485pt x 289.08pt>
File: ./2figures/v17/binsysatisfactionx2.pdf Graphic file (type pdf)
<use ./2figures/v17/binsysatisfactionx2.pdf>
Package pdftex.def Info: ./2figures/v17/binsysatisfactionx2.pdf  used on input 
line 866.
(pdftex.def)             Requested size: 119.24641pt x 86.72466pt.


pdfTeX warning: pdflatex.exe (file ./2figures/v17/binsyhappinessx2.pdf): PDF in
clusion: found PDF version <1.6>, but at most version <1.5> allowed
<./2figures/v17/binsyhappinessx2.pdf, id=523, 397.485pt x 289.08pt>
File: ./2figures/v17/binsyhappinessx2.pdf Graphic file (type pdf)
<use ./2figures/v17/binsyhappinessx2.pdf>
Package pdftex.def Info: ./2figures/v17/binsyhappinessx2.pdf  used on input lin
e 869.
(pdftex.def)             Requested size: 119.24641pt x 86.72466pt.

LaTeX Warning: `!h' float specifier changed to `!ht'.



pdfTeX warning: pdflatex.exe (file ./2figures/v17/rfBefSuc1iy.pdf): PDF inclusi
on: found PDF version <1.6>, but at most version <1.5> allowed
<./2figures/v17/rfBefSuc1iy.pdf, id=524, 578.16pt x 289.08pt>
File: ./2figures/v17/rfBefSuc1iy.pdf Graphic file (type pdf)
<use ./2figures/v17/rfBefSuc1iy.pdf>
Package pdftex.def Info: ./2figures/v17/rfBefSuc1iy.pdf  used on input line 881
.
(pdftex.def)             Requested size: 578.15858pt x 289.07928pt.

Package xcolor Warning: Incompatible color definition on input line 884.


Package xcolor Warning: Incompatible color definition on input line 884.


Overfull \hbox (42.69925pt too wide) in paragraph at lines 881--885
 [] 
 []


Overfull \hbox (27.93971pt too wide) in paragraph at lines 881--885
 $[]$ 
 []

[23

 <./2figures/v17/scattery3x1s1v2.pdf> <./2figures/v17/scattery3x2s1v2.pdf> <./2
figures/v17/scattery3x1s1suc1v2.pdf> <./2figures/v17/scattery3x1s1suc2v2.pdf> <
./2figures/v17/scattery3x1s1suc3v2.pdf> <./2figures/v17/scattery3x1s1suc4v2.pdf
>] [24 <./2figures/v17/scattery4x1s1v2.pdf> <./2figures/v17/scattery4x2s1v2.pdf
> <./2figures/v17/scattery4x1s1suc1v2.pdf> <./2figures/v17/scattery4x1s1suc2v2.
pdf> <./2figures/v17/scattery4x1s1suc3v2.pdf> <./2figures/v17/scattery4x1s1suc4
v2.pdf>] [25 <./2figures/v17/scattery5x1s1v2.pdf> <./2figures/v17/scattery5x2s1
v2.pdf> <./2figures/v17/scattery5x1s1suc1v2.pdf> <./2figures/v17/scattery5x1s1s
uc2v2.pdf> <./2figures/v17/scattery5x1s1suc3v2.pdf> <./2figures/v17/scattery5x1
s1suc4v2.pdf>] [26 <./2figures/v17/decilesincomeiy.pdf> <./2figures/v17/deciles
healthiy.pdf> <./2figures/v17/decilesautonomyiy.pdf> <./2figures/v17/decilessat
isfactioniy.pdf> <./2figures/v17/decileshappinessiy.pdf> <./2figures/v17/decile
sincomelt.pdf> <./2figures/v17/decileshealthlt.pdf> <./2figures/v17/decilesauto
nomylt.pdf> <./2figures/v17/decilessatisfactionlt.pdf> <./2figures/v17/decilesh
appinesslt.pdf>] [27 <./2figures/v17/binsyincomex2iy.pdf> <./2figures/v17/binsy
healthx2iy.pdf> <./2figures/v17/binsyautonomyx2iy.pdf> <./2figures/v17/binsysat
isfactionx2iy.pdf> <./2figures/v17/binsyhappinessx2iy.pdf> <./2figures/v17/bins
yincomex2.pdf> <./2figures/v17/binsyhealthx2.pdf> <./2figures/v17/binsyautonomy
x2.pdf> <./2figures/v17/binsysatisfactionx2.pdf> <./2figures/v17/binsyhappiness
x2.pdf>] [28 <./2figures/v17/rfBefSuc1iy.pdf>]

pdfTeX warning: pdflatex.exe (file ./2figures/v17/plalt.pdf): PDF inclusion: fo
und PDF version <1.6>, but at most version <1.5> allowed
<./2figures/v17/plalt.pdf, id=961, 397.485pt x 289.08pt>
File: ./2figures/v17/plalt.pdf Graphic file (type pdf)
<use ./2figures/v17/plalt.pdf>
Package pdftex.def Info: ./2figures/v17/plalt.pdf  used on input line 895.
(pdftex.def)             Requested size: 437.23485pt x 317.98897pt.

Overfull \hbox (27.93971pt too wide) in paragraph at lines 900--901
 []$ 
 []



pdfTeX warning: pdflatex.exe (file ./2figures/v17/rfPlaiy.pdf): PDF inclusion: 
found PDF version <1.6>, but at most version <1.5> allowed
<./2figures/v17/rfPlaiy.pdf, id=962, 397.485pt x 289.08pt>
File: ./2figures/v17/rfPlaiy.pdf Graphic file (type pdf)
<use ./2figures/v17/rfPlaiy.pdf>
Package pdftex.def Info: ./2figures/v17/rfPlaiy.pdf  used on input line 909.
(pdftex.def)             Requested size: 437.23485pt x 317.98897pt.

Package xcolor Warning: Incompatible color definition on input line 912.


Package xcolor Warning: Incompatible color definition on input line 912.


Overfull \hbox (27.93971pt too wide) in paragraph at lines 909--913
 $[]$ 
 []


LaTeX Warning: `!h' float specifier changed to `!ht'.

[29

 <./2figures/v17/plalt.pdf>] [30 <./2figures/v17/rfPlaiy.pdf>]
(Online Appendix.aux)
 ***********
LaTeX2e <2023-06-01> patch level 1
L3 programming layer <2023-08-29>
 ***********
 ) 
Here is how much of TeX's memory you used:
 25340 strings out of 475248
 490935 string characters out of 5757812
 2131785 words of memory out of 5000000
 46020 multiletter control sequences out of 15000+600000
 573456 words of font info for 95 fonts, out of 8000000 for 9000
 1141 hyphenation exceptions out of 8191
 81i,14n,89p,2297b,569s stack positions out of 10000i,1000n,20000p,200000b,200000s
 <C:\Users\lorie\AppData\Local\MiKTeX\fonts/pk/ljfour/jknappen/ec/dpi600\tcrm
0600.pk> <C:\Users\lorie\AppData\Local\MiKTeX\fonts/pk/ljfour/jknappen/ec/dpi60
0\tcrm1000.pk> <C:\Users\lorie\AppData\Local\MiKTeX\fonts/pk/ljfour/jknappen/ec
/dpi600\tcrm1200.pk><C:/Users/lorie/AppData/Local/Programs/MiKTeX/fonts/type1/p
ublic/amsfonts/cm/cmbx10.pfb><C:/Users/lorie/AppData/Local/Programs/MiKTeX/font
s/type1/public/amsfonts/cm/cmbx12.pfb><C:/Users/lorie/AppData/Local/Programs/Mi
KTeX/fonts/type1/public/amsfonts/cm/cmbx8.pfb><C:/Users/lorie/AppData/Local/Pro
grams/MiKTeX/fonts/type1/public/amsfonts/cm/cmbx9.pfb><C:/Users/lorie/AppData/L
ocal/Programs/MiKTeX/fonts/type1/public/amsfonts/cm/cmex10.pfb><C:/Users/lorie/
AppData/Local/Programs/MiKTeX/fonts/type1/public/amsfonts/cm/cmmi10.pfb><C:/Use
rs/lorie/AppData/Local/Programs/MiKTeX/fonts/type1/public/amsfonts/cm/cmmi8.pfb
><C:/Users/lorie/AppData/Local/Programs/MiKTeX/fonts/type1/public/amsfonts/cm/c
mr10.pfb><C:/Users/lorie/AppData/Local/Programs/MiKTeX/fonts/type1/public/amsfo
nts/cm/cmr12.pfb><C:/Users/lorie/AppData/Local/Programs/MiKTeX/fonts/type1/publ
ic/amsfonts/cm/cmr8.pfb><C:/Users/lorie/AppData/Local/Programs/MiKTeX/fonts/typ
e1/public/amsfonts/cm/cmr9.pfb><C:/Users/lorie/AppData/Local/Programs/MiKTeX/fo
nts/type1/public/amsfonts/cm/cmsy10.pfb><C:/Users/lorie/AppData/Local/Programs/
MiKTeX/fonts/type1/public/amsfonts/cm/cmsy8.pfb>
Output written on "Online Appendix.pdf" (31 pages, 4383420 bytes).
PDF statistics:
 1079 PDF objects out of 1200 (max. 8388607)
 70 named destinations out of 1000 (max. 500000)
 303 words of extra memory for PDF output out of 10000 (max. 10000000)

